#
# There is insufficient memory for the Java Runtime Environment to continue.
# Native memory allocation (malloc) failed to allocate 280496 bytes. Error detail: Chunk::new
# Possible reasons:
#   The system is out of physical RAM or swap space
#   This process is running with CompressedOops enabled, and the Java Heap may be blocking the growth of the native heap
# Possible solutions:
#   Reduce memory load on the system
#   Increase physical memory or swap space
#   Check if swap backing store is full
#   Decrease Java heap size (-Xmx/-Xms)
#   Decrease number of Java threads
#   Decrease Java thread stack sizes (-Xss)
#   Set larger code cache with -XX:ReservedCodeCacheSize=
#   JVM is running with Unscaled Compressed Oops mode in which the Java heap is
#     placed in the first 4GB address space. The Java Heap base address is the
#     maximum limit for the native heap growth. Please use -XX:HeapBaseMinAddress
#     to set the Java Heap base and to place the Java Heap above 4GB virtual address.
# This output file may be truncated or incomplete.
#
#  Out of Memory Error (arena.cpp:191), pid=756, tid=3580
#
# JRE version: OpenJDK Runtime Environment (17.0.11) (build 17.0.11+0--11852314)
# Java VM: OpenJDK 64-Bit Server VM (17.0.11+0--11852314, mixed mode, tiered, compressed oops, compressed class ptrs, g1 gc, windows-amd64)
# No core dump will be written. Minidumps are not enabled by default on client versions of Windows
#

---------------  S U M M A R Y ------------

Command Line: --add-opens=java.base/java.util=ALL-UNNAMED --add-opens=java.base/java.lang=ALL-UNNAMED --add-opens=java.base/java.lang.invoke=ALL-UNNAMED --add-opens=java.prefs/java.util.prefs=ALL-UNNAMED --add-opens=java.base/java.nio.charset=ALL-UNNAMED --add-opens=java.base/java.net=ALL-UNNAMED --add-opens=java.base/java.util.concurrent.atomic=ALL-UNNAMED -Xmx2048m -Dfile.encoding=UTF-8 -Duser.country=CN -Duser.language=zh -Duser.variant -javaagent:C:\Users\Administrator\.gradle\wrapper\dists\gradle-8.7-bin\bhs2wmbdwecv87pi65oeuq5iu\gradle-8.7\lib\agents\gradle-instrumentation-agent-8.7.jar org.gradle.launcher.daemon.bootstrap.GradleDaemon 8.7

Host: AMD Athlon(tm) II X4 640 Processor, 4 cores, 3G,  Windows 10 , 64 bit Build 19041 (10.0.19041.4597)
Time: Fri Aug  2 11:04:30 2024  Windows 10 , 64 bit Build 19041 (10.0.19041.4597) elapsed time: 31.403392 seconds (0d 0h 0m 31s)

---------------  T H R E A D  ---------------

Current thread (0x000001df7e90a080):  JavaThread "C2 CompilerThread0" daemon [_thread_in_native, id=3580, stack(0x0000002a3a200000,0x0000002a3a300000)]


Current CompileTask:
C2:  31403 11301       4       java.lang.invoke.LambdaForm::prepare (112 bytes)

Stack: [0x0000002a3a200000,0x0000002a3a300000]
Native frames: (J=compiled Java code, j=interpreted, Vv=VM code, C=native code)
V  [jvm.dll+0x687bb9]
V  [jvm.dll+0x84142a]
V  [jvm.dll+0x8430ae]
V  [jvm.dll+0x843713]
V  [jvm.dll+0x24a35f]
V  [jvm.dll+0xac544]
V  [jvm.dll+0xacb8c]
V  [jvm.dll+0x2b194f]
V  [jvm.dll+0x58eba7]
V  [jvm.dll+0x2247e2]
V  [jvm.dll+0x21d6dd]
V  [jvm.dll+0x21b201]
V  [jvm.dll+0x1a63ed]
V  [jvm.dll+0x22b1ee]
V  [jvm.dll+0x229375]
V  [jvm.dll+0x7f5647]
V  [jvm.dll+0x7efa4a]
V  [jvm.dll+0x686a35]
C  [ucrtbase.dll+0x21bb2]
C  [KERNEL32.DLL+0x17374]
C  [ntdll.dll+0x4cc91]


---------------  P R O C E S S  ---------------

Threads class SMR info:
_java_thread_list=0x000001df0a47d840, length=78, elements={
0x000001df651dfa80, 0x000001df7e6fa130, 0x000001df7e6fb140, 0x000001df7e71dd10,
0x000001df7e71e6e0, 0x000001df7e758410, 0x000001df7e758ce0, 0x000001df7e90a080,
0x000001df7e90c410, 0x000001df7e911590, 0x000001df7e75e9b0, 0x000001df7eb82ee0,
0x000001df0708d840, 0x000001df06d47820, 0x000001df0666a210, 0x000001df064f28e0,
0x000001df06664f10, 0x000001df0668a7f0, 0x000001df0668dfa0, 0x000001df0668b210,
0x000001df0668da90, 0x000001df0668b720, 0x000001df0668cb60, 0x000001df0668d070,
0x000001df0668ad00, 0x000001df0668c650, 0x000001df0668bc30, 0x000001df0668d580,
0x000001df07aea560, 0x000001df07aeaa70, 0x000001df07aed2f0, 0x000001df07aebeb0,
0x000001df07aeec40, 0x000001df07aef150, 0x000001df07aea050, 0x000001df07ae9630,
0x000001df07ae9120, 0x000001df07aeaf80, 0x000001df07ae81f0, 0x000001df07aee220,
0x000001df07aeb9a0, 0x000001df07aefb70, 0x000001df07aed800, 0x000001df07aec8d0,
0x000001df07ae9b40, 0x000001df09e3b850, 0x000001df09e3ae30, 0x000001df09e399f0,
0x000001df09e3b340, 0x000001df09e38ac0, 0x000001df09e380a0, 0x000001df09e394e0,
0x000001df09e39f00, 0x000001df09e3a410, 0x000001df09e3a920, 0x000001df0759fee0,
0x000001df075a1830, 0x000001df0759d660, 0x000001df075a2760, 0x000001df075a1320,
0x000001df075a1d40, 0x000001df0759db70, 0x000001df0759f4c0, 0x000001df075a0e10,
0x000001df075a03f0, 0x000001df0759c730, 0x000001df075a2250, 0x000001df0759bd10,
0x000001df0759e080, 0x000001df0759e590, 0x000001df0759b2f0, 0x000001df0759c220,
0x000001df075a2c70, 0x000001df0759eaa0, 0x000001df0759f9d0, 0x000001df0759efb0,
0x000001df0759d150, 0x000001df0759b800
}

Java Threads: ( => current thread )
  0x000001df651dfa80 JavaThread "main" [_thread_blocked, id=8448, stack(0x0000002a39500000,0x0000002a39600000)]
  0x000001df7e6fa130 JavaThread "Reference Handler" daemon [_thread_blocked, id=4880, stack(0x0000002a39c00000,0x0000002a39d00000)]
  0x000001df7e6fb140 JavaThread "Finalizer" daemon [_thread_blocked, id=9172, stack(0x0000002a39d00000,0x0000002a39e00000)]
  0x000001df7e71dd10 JavaThread "Signal Dispatcher" daemon [_thread_blocked, id=8896, stack(0x0000002a39e00000,0x0000002a39f00000)]
  0x000001df7e71e6e0 JavaThread "Attach Listener" daemon [_thread_blocked, id=11036, stack(0x0000002a39f00000,0x0000002a3a000000)]
  0x000001df7e758410 JavaThread "Service Thread" daemon [_thread_blocked, id=1720, stack(0x0000002a3a000000,0x0000002a3a100000)]
  0x000001df7e758ce0 JavaThread "Monitor Deflation Thread" daemon [_thread_blocked, id=8140, stack(0x0000002a3a100000,0x0000002a3a200000)]
=>0x000001df7e90a080 JavaThread "C2 CompilerThread0" daemon [_thread_in_native, id=3580, stack(0x0000002a3a200000,0x0000002a3a300000)]
  0x000001df7e90c410 JavaThread "C1 CompilerThread0" daemon [_thread_blocked, id=5052, stack(0x0000002a3a300000,0x0000002a3a400000)]
  0x000001df7e911590 JavaThread "Sweeper thread" daemon [_thread_blocked, id=5016, stack(0x0000002a3a400000,0x0000002a3a500000)]
  0x000001df7e75e9b0 JavaThread "Common-Cleaner" daemon [_thread_blocked, id=5848, stack(0x0000002a3a500000,0x0000002a3a600000)]
  0x000001df7eb82ee0 JavaThread "Notification Thread" daemon [_thread_blocked, id=9076, stack(0x0000002a3a600000,0x0000002a3a700000)]
  0x000001df0708d840 JavaThread "Daemon health stats" [_thread_blocked, id=3480, stack(0x0000002a3ab00000,0x0000002a3ac00000)]
  0x000001df06d47820 JavaThread "Incoming local TCP Connector on port 2478" [_thread_in_native, id=6240, stack(0x0000002a3ac00000,0x0000002a3ad00000)]
  0x000001df0666a210 JavaThread "Daemon periodic checks" [_thread_blocked, id=10924, stack(0x0000002a3ad00000,0x0000002a3ae00000)]
  0x000001df064f28e0 JavaThread "Daemon" [_thread_blocked, id=1016, stack(0x0000002a3ae00000,0x0000002a3af00000)]
  0x000001df06664f10 JavaThread "Handler for socket connection from /127.0.0.1:2478 to /127.0.0.1:2479" [_thread_in_native, id=4532, stack(0x0000002a3af00000,0x0000002a3b000000)]
  0x000001df0668a7f0 JavaThread "Cancel handler" [_thread_blocked, id=11204, stack(0x0000002a3b000000,0x0000002a3b100000)]
  0x000001df0668dfa0 JavaThread "Daemon worker" [_thread_blocked, id=2624, stack(0x0000002a3b100000,0x0000002a3b200000)]
  0x000001df0668b210 JavaThread "Asynchronous log dispatcher for DefaultDaemonConnection: socket connection from /127.0.0.1:2478 to /127.0.0.1:2479" [_thread_blocked, id=7228, stack(0x0000002a3b200000,0x0000002a3b300000)]
  0x000001df0668da90 JavaThread "Stdin handler" [_thread_blocked, id=8652, stack(0x0000002a3b300000,0x0000002a3b400000)]
  0x000001df0668b720 JavaThread "Daemon client event forwarder" [_thread_blocked, id=7452, stack(0x0000002a3b400000,0x0000002a3b500000)]
  0x000001df0668cb60 JavaThread "Cache worker for journal cache (C:\Users\Administrator\.gradle\caches\journal-1)" [_thread_blocked, id=7248, stack(0x0000002a3b500000,0x0000002a3b600000)]
  0x000001df0668d070 JavaThread "File lock request listener" [_thread_in_native, id=9504, stack(0x0000002a3b600000,0x0000002a3b700000)]
  0x000001df0668ad00 JavaThread "Cache worker for file hash cache (C:\Users\Administrator\.gradle\caches\8.7\fileHashes)" [_thread_blocked, id=4564, stack(0x0000002a3b700000,0x0000002a3b800000)]
  0x000001df0668c650 JavaThread "Cache worker for file hash cache (E:\Desktop\Frequency\.gradle\8.7\fileHashes)" [_thread_blocked, id=10704, stack(0x0000002a3b800000,0x0000002a3b900000)]
  0x000001df0668bc30 JavaThread "File watcher server" daemon [_thread_in_native, id=8224, stack(0x0000002a3b900000,0x0000002a3ba00000)]
  0x000001df0668d580 JavaThread "File watcher consumer" daemon [_thread_blocked, id=5372, stack(0x0000002a3ba00000,0x0000002a3bb00000)]
  0x000001df07aea560 JavaThread "Cache worker for checksums cache (E:\Desktop\Frequency\.gradle\8.7\checksums)" [_thread_blocked, id=6760, stack(0x0000002a3bb00000,0x0000002a3bc00000)]
  0x000001df07aeaa70 JavaThread "Cache worker for cache directory md-supplier (C:\Users\Administrator\.gradle\caches\8.7\md-supplier)" [_thread_blocked, id=9800, stack(0x0000002a3bc00000,0x0000002a3bd00000)]
  0x000001df07aed2f0 JavaThread "Cache worker for cache directory md-rule (C:\Users\Administrator\.gradle\caches\8.7\md-rule)" [_thread_blocked, id=2764, stack(0x0000002a3bd00000,0x0000002a3be00000)]
  0x000001df07aebeb0 JavaThread "Cache worker for file content cache (C:\Users\Administrator\.gradle\caches\8.7\fileContent)" [_thread_blocked, id=9120, stack(0x0000002a3be00000,0x0000002a3bf00000)]
  0x000001df07aeec40 JavaThread "jar transforms" [_thread_blocked, id=3432, stack(0x0000002a3c000000,0x0000002a3c100000)]
  0x000001df07aef150 JavaThread "jar transforms Thread 2" [_thread_blocked, id=1060, stack(0x0000002a3c100000,0x0000002a3c200000)]
  0x000001df07aea050 JavaThread "Cache worker for Build Output Cleanup Cache (E:\Desktop\Frequency\.gradle\buildOutputCleanup)" [_thread_blocked, id=1864, stack(0x0000002a3c200000,0x0000002a3c300000)]
  0x000001df07ae9630 JavaThread "jar transforms Thread 3" [_thread_blocked, id=196, stack(0x0000002a3c300000,0x0000002a3c400000)]
  0x000001df07ae9120 JavaThread "Unconstrained build operations" [_thread_blocked, id=11024, stack(0x0000002a3c400000,0x0000002a3c500000)]
  0x000001df07aeaf80 JavaThread "Unconstrained build operations Thread 2" [_thread_blocked, id=11260, stack(0x0000002a3c500000,0x0000002a3c600000)]
  0x000001df07ae81f0 JavaThread "Unconstrained build operations Thread 3" [_thread_blocked, id=8200, stack(0x0000002a3c600000,0x0000002a3c700000)]
  0x000001df07aee220 JavaThread "Unconstrained build operations Thread 4" [_thread_blocked, id=2908, stack(0x0000002a3c700000,0x0000002a3c800000)]
  0x000001df07aeb9a0 JavaThread "Unconstrained build operations Thread 5" [_thread_blocked, id=1996, stack(0x0000002a3c800000,0x0000002a3c900000)]
  0x000001df07aefb70 JavaThread "Unconstrained build operations Thread 6" [_thread_blocked, id=4992, stack(0x0000002a3c900000,0x0000002a3ca00000)]
  0x000001df07aed800 JavaThread "jar transforms Thread 4" [_thread_blocked, id=6704, stack(0x0000002a3ca00000,0x0000002a3cb00000)]
  0x000001df07aec8d0 JavaThread "build event listener" [_thread_blocked, id=11228, stack(0x0000002a3cb00000,0x0000002a3cc00000)]
  0x000001df07ae9b40 JavaThread "Memory manager" [_thread_blocked, id=7572, stack(0x0000002a3cc00000,0x0000002a3cd00000)]
  0x000001df09e3b850 JavaThread "included builds" [_thread_in_vm, id=5572, stack(0x0000002a3cd00000,0x0000002a3ce00000)]
  0x000001df09e3ae30 JavaThread "Execution worker" [_thread_blocked, id=812, stack(0x0000002a3ce00000,0x0000002a3cf00000)]
  0x000001df09e399f0 JavaThread "Execution worker Thread 2" [_thread_blocked, id=11200, stack(0x0000002a3cf00000,0x0000002a3d000000)]
  0x000001df09e3b340 JavaThread "Execution worker Thread 3" [_thread_blocked, id=4100, stack(0x0000002a3d000000,0x0000002a3d100000)]
  0x000001df09e38ac0 JavaThread "Cache worker for execution history cache (E:\Desktop\Frequency\.gradle\8.7\executionHistory)" [_thread_blocked, id=4104, stack(0x0000002a3d100000,0x0000002a3d200000)]
  0x000001df09e380a0 JavaThread "Unconstrained build operations Thread 7" [_thread_blocked, id=2116, stack(0x0000002a3d200000,0x0000002a3d300000)]
  0x000001df09e394e0 JavaThread "Unconstrained build operations Thread 8" [_thread_blocked, id=6184, stack(0x0000002a3d300000,0x0000002a3d400000)]
  0x000001df09e39f00 JavaThread "Unconstrained build operations Thread 9" [_thread_blocked, id=11164, stack(0x0000002a3d400000,0x0000002a3d500000)]
  0x000001df09e3a410 JavaThread "Unconstrained build operations Thread 10" [_thread_blocked, id=10628, stack(0x0000002a3d500000,0x0000002a3d600000)]
  0x000001df09e3a920 JavaThread "Unconstrained build operations Thread 11" [_thread_blocked, id=7164, stack(0x0000002a3d600000,0x0000002a3d700000)]
  0x000001df0759fee0 JavaThread "Unconstrained build operations Thread 12" [_thread_blocked, id=7028, stack(0x0000002a3d700000,0x0000002a3d800000)]
  0x000001df075a1830 JavaThread "Unconstrained build operations Thread 13" [_thread_blocked, id=772, stack(0x0000002a3d800000,0x0000002a3d900000)]
  0x000001df0759d660 JavaThread "Unconstrained build operations Thread 14" [_thread_blocked, id=11060, stack(0x0000002a3d900000,0x0000002a3da00000)]
  0x000001df075a2760 JavaThread "Unconstrained build operations Thread 15" [_thread_blocked, id=6592, stack(0x0000002a3da00000,0x0000002a3db00000)]
  0x000001df075a1320 JavaThread "Unconstrained build operations Thread 16" [_thread_blocked, id=7740, stack(0x0000002a3db00000,0x0000002a3dc00000)]
  0x000001df075a1d40 JavaThread "Unconstrained build operations Thread 17" [_thread_blocked, id=10264, stack(0x0000002a3dc00000,0x0000002a3dd00000)]
  0x000001df0759db70 JavaThread "Unconstrained build operations Thread 18" [_thread_blocked, id=3344, stack(0x0000002a3dd00000,0x0000002a3de00000)]
  0x000001df0759f4c0 JavaThread "Unconstrained build operations Thread 19" [_thread_blocked, id=3408, stack(0x0000002a3de00000,0x0000002a3df00000)]
  0x000001df075a0e10 JavaThread "Unconstrained build operations Thread 20" [_thread_blocked, id=2932, stack(0x0000002a3df00000,0x0000002a3e000000)]
  0x000001df075a03f0 JavaThread "Unconstrained build operations Thread 21" [_thread_blocked, id=10496, stack(0x0000002a3e000000,0x0000002a3e100000)]
  0x000001df0759c730 JavaThread "Unconstrained build operations Thread 22" [_thread_blocked, id=9532, stack(0x0000002a3e100000,0x0000002a3e200000)]
  0x000001df075a2250 JavaThread "Unconstrained build operations Thread 23" [_thread_blocked, id=6324, stack(0x0000002a3e200000,0x0000002a3e300000)]
  0x000001df0759bd10 JavaThread "Unconstrained build operations Thread 24" [_thread_blocked, id=1516, stack(0x0000002a3e300000,0x0000002a3e400000)]
  0x000001df0759e080 JavaThread "Unconstrained build operations Thread 25" [_thread_blocked, id=11216, stack(0x0000002a3e400000,0x0000002a3e500000)]
  0x000001df0759e590 JavaThread "Unconstrained build operations Thread 26" [_thread_blocked, id=1104, stack(0x0000002a3e500000,0x0000002a3e600000)]
  0x000001df0759b2f0 JavaThread "Unconstrained build operations Thread 27" [_thread_blocked, id=8940, stack(0x0000002a3e600000,0x0000002a3e700000)]
  0x000001df0759c220 JavaThread "Unconstrained build operations Thread 28" [_thread_blocked, id=2544, stack(0x0000002a3e700000,0x0000002a3e800000)]
  0x000001df075a2c70 JavaThread "Unconstrained build operations Thread 29" [_thread_blocked, id=9676, stack(0x0000002a3e800000,0x0000002a3e900000)]
  0x000001df0759eaa0 JavaThread "Cache worker for Java compile cache (C:\Users\Administrator\.gradle\caches\8.7\javaCompile)" [_thread_blocked, id=7812, stack(0x0000002a3e900000,0x0000002a3ea00000)]
  0x000001df0759f9d0 JavaThread "Build operations" [_thread_blocked, id=1512, stack(0x0000002a3ea00000,0x0000002a3eb00000)]
  0x000001df0759efb0 JavaThread "Build operations Thread 2" [_thread_blocked, id=6848, stack(0x0000002a3eb00000,0x0000002a3ec00000)]
  0x000001df0759d150 JavaThread "Build operations Thread 3" [_thread_blocked, id=11232, stack(0x0000002a3ec00000,0x0000002a3ed00000)]
  0x000001df0759b800 JavaThread "Unconstrained build operations Thread 30" [_thread_blocked, id=10252, stack(0x0000002a3ed00000,0x0000002a3ee00000)]

Other Threads:
  0x000001df7e6f64f0 VMThread "VM Thread" [stack: 0x0000002a39b00000,0x0000002a39c00000] [id=11196]
  0x000001df7ec1cdd0 WatcherThread [stack: 0x0000002a3a700000,0x0000002a3a800000] [id=3644]
  0x000001df6523ad00 GCTaskThread "GC Thread#0" [stack: 0x0000002a39600000,0x0000002a39700000] [id=7552]
  0x000001df7ed02a80 GCTaskThread "GC Thread#1" [stack: 0x0000002a3a800000,0x0000002a3a900000] [id=6340]
  0x000001df7ee4d620 GCTaskThread "GC Thread#2" [stack: 0x0000002a3a900000,0x0000002a3aa00000] [id=7240]
  0x000001df7f42c5c0 GCTaskThread "GC Thread#3" [stack: 0x0000002a3aa00000,0x0000002a3ab00000] [id=1276]
  0x000001df6524cb70 ConcurrentGCThread "G1 Main Marker" [stack: 0x0000002a39700000,0x0000002a39800000] [id=2304]
  0x000001df6524e4b0 ConcurrentGCThread "G1 Conc#0" [stack: 0x0000002a39800000,0x0000002a39900000] [id=10160]
  0x000001df6529e980 ConcurrentGCThread "G1 Refine#0" [stack: 0x0000002a39900000,0x0000002a39a00000] [id=1148]
  0x000001df071248d0 ConcurrentGCThread "G1 Refine#1" [stack: 0x0000002a3bf00000,0x0000002a3c000000] [id=8044]
  0x000001df7e560470 ConcurrentGCThread "G1 Service" [stack: 0x0000002a39a00000,0x0000002a39b00000] [id=9896]

Threads with active compile tasks:
C2 CompilerThread0    31475 11301       4       java.lang.invoke.LambdaForm::prepare (112 bytes)

VM state: not at safepoint (normal execution)

VM Mutex/Monitor currently owned by a thread:  ([mutex/lock_event])
[0x000001df651d9020] Metaspace_lock - owner thread: 0x000001df09e3b850

OutOfMemory and StackOverflow Exception counts:
OutOfMemoryError java_heap_errors=1
LinkageErrors=173

Heap address: 0x0000000080000000, size: 2048 MB, Compressed Oops mode: 32-bit

CDS archive(s) not mapped
Compressed class space mapped at: 0x0000000100000000-0x0000000140000000, reserved size: 1073741824
Narrow klass base: 0x0000000000000000, Narrow klass shift: 3, Narrow klass range: 0x140000000

GC Precious Log:
 CPUs: 4 total, 4 available
 Memory: 4094M
 Large Page Support: Disabled
 NUMA Support: Disabled
 Compressed Oops: Enabled (32-bit)
 Heap Region Size: 1M
 Heap Min Capacity: 8M
 Heap Initial Capacity: 64M
 Heap Max Capacity: 2G
 Pre-touch: Disabled
 Parallel Workers: 4
 Concurrent Workers: 1
 Concurrent Refinement Workers: 4
 Periodic GC: Disabled

Heap:
 garbage-first heap   total 242688K, used 113182K [0x0000000080000000, 0x0000000100000000)
  region size 1024K, 41 young (41984K), 15 survivors (15360K)
 Metaspace       used 100414K, committed 101120K, reserved 1179648K
  class space    used 13771K, committed 14080K, reserved 1048576K

Heap Regions: E=young(eden), S=young(survivor), O=old, HS=humongous(starts), HC=humongous(continues), CS=collection set, F=free, OA=open archive, CA=closed archive, TAMS=top-at-mark-start (previous, next)
|   0|0x0000000080000000, 0x0000000080100000, 0x0000000080100000|100%| O|  |TAMS 0x0000000080100000, 0x0000000080000000| Untracked 
|   1|0x0000000080100000, 0x0000000080200000, 0x0000000080200000|100%|HS|  |TAMS 0x0000000080200000, 0x0000000080100000| Complete 
|   2|0x0000000080200000, 0x0000000080300000, 0x0000000080300000|100%|HC|  |TAMS 0x0000000080300000, 0x0000000080200000| Complete 
|   3|0x0000000080300000, 0x0000000080400000, 0x0000000080400000|100%|HC|  |TAMS 0x0000000080400000, 0x0000000080300000| Complete 
|   4|0x0000000080400000, 0x0000000080500000, 0x0000000080500000|100%|HC|  |TAMS 0x0000000080500000, 0x0000000080400000| Complete 
|   5|0x0000000080500000, 0x0000000080600000, 0x0000000080600000|100%| O|  |TAMS 0x0000000080600000, 0x0000000080500000| Untracked 
|   6|0x0000000080600000, 0x0000000080700000, 0x0000000080700000|100%| O|  |TAMS 0x0000000080700000, 0x0000000080600000| Untracked 
|   7|0x0000000080700000, 0x0000000080800000, 0x0000000080800000|100%| O|  |TAMS 0x0000000080800000, 0x0000000080700000| Untracked 
|   8|0x0000000080800000, 0x0000000080900000, 0x0000000080900000|100%| O|  |TAMS 0x0000000080900000, 0x0000000080800000| Untracked 
|   9|0x0000000080900000, 0x0000000080a00000, 0x0000000080a00000|100%| O|  |TAMS 0x0000000080a00000, 0x0000000080900000| Untracked 
|  10|0x0000000080a00000, 0x0000000080b00000, 0x0000000080b00000|100%| O|  |TAMS 0x0000000080b00000, 0x0000000080a00000| Untracked 
|  11|0x0000000080b00000, 0x0000000080c00000, 0x0000000080c00000|100%| O|  |TAMS 0x0000000080c00000, 0x0000000080b00000| Untracked 
|  12|0x0000000080c00000, 0x0000000080d00000, 0x0000000080d00000|100%| O|  |TAMS 0x0000000080d00000, 0x0000000080c00000| Untracked 
|  13|0x0000000080d00000, 0x0000000080e00000, 0x0000000080e00000|100%| O|  |TAMS 0x0000000080e00000, 0x0000000080d00000| Untracked 
|  14|0x0000000080e00000, 0x0000000080f00000, 0x0000000080f00000|100%| O|  |TAMS 0x0000000080f00000, 0x0000000080e00000| Untracked 
|  15|0x0000000080f00000, 0x0000000081000000, 0x0000000081000000|100%| O|  |TAMS 0x0000000081000000, 0x0000000080f00000| Untracked 
|  16|0x0000000081000000, 0x0000000081100000, 0x0000000081100000|100%| O|  |TAMS 0x0000000081100000, 0x0000000081000000| Untracked 
|  17|0x0000000081100000, 0x0000000081200000, 0x0000000081200000|100%| O|  |TAMS 0x0000000081200000, 0x0000000081100000| Untracked 
|  18|0x0000000081200000, 0x0000000081300000, 0x0000000081300000|100%| O|  |TAMS 0x0000000081300000, 0x0000000081200000| Untracked 
|  19|0x0000000081300000, 0x0000000081400000, 0x0000000081400000|100%| O|  |TAMS 0x0000000081400000, 0x0000000081300000| Untracked 
|  20|0x0000000081400000, 0x0000000081500000, 0x0000000081500000|100%| O|  |TAMS 0x0000000081500000, 0x0000000081400000| Untracked 
|  21|0x0000000081500000, 0x0000000081600000, 0x0000000081600000|100%| O|  |TAMS 0x0000000081600000, 0x0000000081500000| Untracked 
|  22|0x0000000081600000, 0x0000000081700000, 0x0000000081700000|100%| O|  |TAMS 0x0000000081700000, 0x0000000081600000| Untracked 
|  23|0x0000000081700000, 0x0000000081800000, 0x0000000081800000|100%| O|  |TAMS 0x0000000081700000, 0x0000000081700000| Untracked 
|  24|0x0000000081800000, 0x0000000081900000, 0x0000000081900000|100%| O|  |TAMS 0x0000000081900000, 0x0000000081800000| Untracked 
|  25|0x0000000081900000, 0x0000000081a00000, 0x0000000081a00000|100%| O|  |TAMS 0x0000000081a00000, 0x0000000081900000| Untracked 
|  26|0x0000000081a00000, 0x0000000081b00000, 0x0000000081b00000|100%| O|  |TAMS 0x0000000081b00000, 0x0000000081a00000| Untracked 
|  27|0x0000000081b00000, 0x0000000081c00000, 0x0000000081c00000|100%| O|  |TAMS 0x0000000081c00000, 0x0000000081b00000| Untracked 
|  28|0x0000000081c00000, 0x0000000081d00000, 0x0000000081d00000|100%| O|  |TAMS 0x0000000081d00000, 0x0000000081c00000| Untracked 
|  29|0x0000000081d00000, 0x0000000081e00000, 0x0000000081e00000|100%| O|  |TAMS 0x0000000081e00000, 0x0000000081d00000| Untracked 
|  30|0x0000000081e00000, 0x0000000081f00000, 0x0000000081f00000|100%| O|  |TAMS 0x0000000081f00000, 0x0000000081e00000| Untracked 
|  31|0x0000000081f00000, 0x0000000082000000, 0x0000000082000000|100%| O|  |TAMS 0x0000000082000000, 0x0000000081f00000| Untracked 
|  32|0x0000000082000000, 0x0000000082100000, 0x0000000082100000|100%| O|  |TAMS 0x0000000082100000, 0x0000000082000000| Untracked 
|  33|0x0000000082100000, 0x0000000082200000, 0x0000000082200000|100%| O|  |TAMS 0x0000000082200000, 0x0000000082100000| Untracked 
|  34|0x0000000082200000, 0x0000000082300000, 0x0000000082300000|100%| O|  |TAMS 0x0000000082300000, 0x0000000082200000| Untracked 
|  35|0x0000000082300000, 0x0000000082400000, 0x0000000082400000|100%| O|  |TAMS 0x0000000082400000, 0x0000000082300000| Untracked 
|  36|0x0000000082400000, 0x0000000082500000, 0x0000000082500000|100%| O|  |TAMS 0x0000000082500000, 0x0000000082400000| Untracked 
|  37|0x0000000082500000, 0x0000000082600000, 0x0000000082600000|100%| O|  |TAMS 0x0000000082600000, 0x0000000082500000| Untracked 
|  38|0x0000000082600000, 0x0000000082700000, 0x0000000082700000|100%| O|  |TAMS 0x0000000082700000, 0x0000000082600000| Untracked 
|  39|0x0000000082700000, 0x0000000082800000, 0x0000000082800000|100%| O|  |TAMS 0x0000000082800000, 0x0000000082700000| Untracked 
|  40|0x0000000082800000, 0x0000000082900000, 0x0000000082900000|100%|HS|  |TAMS 0x0000000082900000, 0x0000000082800000| Complete 
|  41|0x0000000082900000, 0x0000000082a00000, 0x0000000082a00000|100%|HS|  |TAMS 0x0000000082a00000, 0x0000000082900000| Complete 
|  42|0x0000000082a00000, 0x0000000082b00000, 0x0000000082b00000|100%|HS|  |TAMS 0x0000000082b00000, 0x0000000082a00000| Complete 
|  43|0x0000000082b00000, 0x0000000082c00000, 0x0000000082c00000|100%| O|  |TAMS 0x0000000082c00000, 0x0000000082b00000| Untracked 
|  44|0x0000000082c00000, 0x0000000082d00000, 0x0000000082d00000|100%| O|  |TAMS 0x0000000082d00000, 0x0000000082c00000| Untracked 
|  45|0x0000000082d00000, 0x0000000082e00000, 0x0000000082e00000|100%|HS|  |TAMS 0x0000000082e00000, 0x0000000082d00000| Complete 
|  46|0x0000000082e00000, 0x0000000082f00000, 0x0000000082f00000|100%|HS|  |TAMS 0x0000000082f00000, 0x0000000082e00000| Complete 
|  47|0x0000000082f00000, 0x0000000083000000, 0x0000000083000000|100%| O|  |TAMS 0x0000000083000000, 0x0000000082f00000| Untracked 
|  48|0x0000000083000000, 0x0000000083100000, 0x0000000083100000|100%| O|  |TAMS 0x0000000083100000, 0x0000000083000000| Untracked 
|  49|0x0000000083100000, 0x0000000083200000, 0x0000000083200000|100%| O|  |TAMS 0x0000000083200000, 0x0000000083100000| Untracked 
|  50|0x0000000083200000, 0x0000000083300000, 0x0000000083300000|100%| O|  |TAMS 0x0000000083300000, 0x0000000083200000| Untracked 
|  51|0x0000000083300000, 0x0000000083400000, 0x0000000083400000|100%|HS|  |TAMS 0x0000000083400000, 0x0000000083300000| Complete 
|  52|0x0000000083400000, 0x0000000083500000, 0x0000000083500000|100%|HS|  |TAMS 0x0000000083500000, 0x0000000083400000| Complete 
|  53|0x0000000083500000, 0x0000000083600000, 0x0000000083600000|100%| O|  |TAMS 0x0000000083600000, 0x0000000083500000| Untracked 
|  54|0x0000000083600000, 0x0000000083700000, 0x0000000083700000|100%| O|  |TAMS 0x0000000083700000, 0x0000000083600000| Untracked 
|  55|0x0000000083700000, 0x0000000083800000, 0x0000000083800000|100%| O|  |TAMS 0x0000000083800000, 0x0000000083700000| Untracked 
|  56|0x0000000083800000, 0x0000000083900000, 0x0000000083900000|100%| O|  |TAMS 0x0000000083900000, 0x0000000083800000| Untracked 
|  57|0x0000000083900000, 0x0000000083a00000, 0x0000000083a00000|100%| O|  |TAMS 0x0000000083a00000, 0x0000000083900000| Untracked 
|  58|0x0000000083a00000, 0x0000000083b00000, 0x0000000083b00000|100%| O|  |TAMS 0x0000000083b00000, 0x0000000083a00000| Untracked 
|  59|0x0000000083b00000, 0x0000000083c00000, 0x0000000083c00000|100%| O|  |TAMS 0x0000000083c00000, 0x0000000083b00000| Untracked 
|  60|0x0000000083c00000, 0x0000000083d00000, 0x0000000083d00000|100%| O|  |TAMS 0x0000000083d00000, 0x0000000083c00000| Untracked 
|  61|0x0000000083d00000, 0x0000000083e00000, 0x0000000083e00000|100%| O|  |TAMS 0x0000000083e00000, 0x0000000083d00000| Untracked 
|  62|0x0000000083e00000, 0x0000000083f00000, 0x0000000083f00000|100%| O|  |TAMS 0x0000000083f00000, 0x0000000083e00000| Untracked 
|  63|0x0000000083f00000, 0x0000000084000000, 0x0000000084000000|100%| O|  |TAMS 0x0000000084000000, 0x0000000083f00000| Untracked 
|  64|0x0000000084000000, 0x0000000084000000, 0x0000000084100000|  0%| F|  |TAMS 0x0000000084000000, 0x0000000084000000| Untracked 
|  65|0x0000000084100000, 0x0000000084200000, 0x0000000084200000|100%| O|  |TAMS 0x0000000084100000, 0x0000000084100000| Untracked 
|  66|0x0000000084200000, 0x0000000084300000, 0x0000000084300000|100%| O|  |TAMS 0x0000000084200000, 0x0000000084200000| Untracked 
|  67|0x0000000084300000, 0x0000000084400000, 0x0000000084400000|100%| O|  |TAMS 0x0000000084300000, 0x0000000084300000| Untracked 
|  68|0x0000000084400000, 0x0000000084500000, 0x0000000084500000|100%| O|  |TAMS 0x0000000084400000, 0x0000000084400000| Untracked 
|  69|0x0000000084500000, 0x0000000084600000, 0x0000000084600000|100%| O|  |TAMS 0x0000000084500000, 0x0000000084500000| Untracked 
|  70|0x0000000084600000, 0x0000000084687a00, 0x0000000084700000| 52%| O|  |TAMS 0x0000000084600000, 0x0000000084600000| Untracked 
|  71|0x0000000084700000, 0x0000000084800000, 0x0000000084800000|100%|HS|  |TAMS 0x0000000084700000, 0x0000000084700000| Complete 
|  72|0x0000000084800000, 0x0000000084900000, 0x0000000084900000|100%|HC|  |TAMS 0x0000000084800000, 0x0000000084800000| Complete 
|  73|0x0000000084900000, 0x0000000084900000, 0x0000000084a00000|  0%| F|  |TAMS 0x0000000084900000, 0x0000000084900000| Untracked 
|  74|0x0000000084a00000, 0x0000000084a00000, 0x0000000084b00000|  0%| F|  |TAMS 0x0000000084a00000, 0x0000000084a00000| Untracked 
|  75|0x0000000084b00000, 0x0000000084b00000, 0x0000000084c00000|  0%| F|  |TAMS 0x0000000084b00000, 0x0000000084b00000| Untracked 
|  76|0x0000000084c00000, 0x0000000084c00000, 0x0000000084d00000|  0%| F|  |TAMS 0x0000000084c00000, 0x0000000084c00000| Untracked 
|  77|0x0000000084d00000, 0x0000000084d00000, 0x0000000084e00000|  0%| F|  |TAMS 0x0000000084d00000, 0x0000000084d00000| Untracked 
|  78|0x0000000084e00000, 0x0000000084e00000, 0x0000000084f00000|  0%| F|  |TAMS 0x0000000084e00000, 0x0000000084e00000| Untracked 
|  79|0x0000000084f00000, 0x0000000084f00000, 0x0000000085000000|  0%| F|  |TAMS 0x0000000084f00000, 0x0000000084f00000| Untracked 
|  80|0x0000000085000000, 0x0000000085000000, 0x0000000085100000|  0%| F|  |TAMS 0x0000000085000000, 0x0000000085000000| Untracked 
|  81|0x0000000085100000, 0x0000000085100000, 0x0000000085200000|  0%| F|  |TAMS 0x0000000085100000, 0x0000000085100000| Untracked 
|  82|0x0000000085200000, 0x0000000085200000, 0x0000000085300000|  0%| F|  |TAMS 0x0000000085200000, 0x0000000085200000| Untracked 
|  83|0x0000000085300000, 0x0000000085300000, 0x0000000085400000|  0%| F|  |TAMS 0x0000000085300000, 0x0000000085300000| Untracked 
|  84|0x0000000085400000, 0x0000000085400000, 0x0000000085500000|  0%| F|  |TAMS 0x0000000085400000, 0x0000000085400000| Untracked 
|  85|0x0000000085500000, 0x0000000085500000, 0x0000000085600000|  0%| F|  |TAMS 0x0000000085500000, 0x0000000085500000| Untracked 
|  86|0x0000000085600000, 0x0000000085600000, 0x0000000085700000|  0%| F|  |TAMS 0x0000000085600000, 0x0000000085600000| Untracked 
|  87|0x0000000085700000, 0x0000000085700000, 0x0000000085800000|  0%| F|  |TAMS 0x0000000085700000, 0x0000000085700000| Untracked 
|  88|0x0000000085800000, 0x0000000085800000, 0x0000000085900000|  0%| F|  |TAMS 0x0000000085800000, 0x0000000085800000| Untracked 
|  89|0x0000000085900000, 0x0000000085900000, 0x0000000085a00000|  0%| F|  |TAMS 0x0000000085900000, 0x0000000085900000| Untracked 
|  90|0x0000000085a00000, 0x0000000085a00000, 0x0000000085b00000|  0%| F|  |TAMS 0x0000000085a00000, 0x0000000085a00000| Untracked 
|  91|0x0000000085b00000, 0x0000000085b00000, 0x0000000085c00000|  0%| F|  |TAMS 0x0000000085b00000, 0x0000000085b00000| Untracked 
|  92|0x0000000085c00000, 0x0000000085c00000, 0x0000000085d00000|  0%| F|  |TAMS 0x0000000085c00000, 0x0000000085c00000| Untracked 
|  93|0x0000000085d00000, 0x0000000085d00000, 0x0000000085e00000|  0%| F|  |TAMS 0x0000000085d00000, 0x0000000085d00000| Untracked 
|  94|0x0000000085e00000, 0x0000000085e00000, 0x0000000085f00000|  0%| F|  |TAMS 0x0000000085e00000, 0x0000000085e00000| Untracked 
|  95|0x0000000085f00000, 0x0000000085f00000, 0x0000000086000000|  0%| F|  |TAMS 0x0000000085f00000, 0x0000000085f00000| Untracked 
|  96|0x0000000086000000, 0x0000000086000000, 0x0000000086100000|  0%| F|  |TAMS 0x0000000086000000, 0x0000000086000000| Untracked 
|  97|0x0000000086100000, 0x0000000086100000, 0x0000000086200000|  0%| F|  |TAMS 0x0000000086100000, 0x0000000086100000| Untracked 
|  98|0x0000000086200000, 0x0000000086200000, 0x0000000086300000|  0%| F|  |TAMS 0x0000000086200000, 0x0000000086200000| Untracked 
|  99|0x0000000086300000, 0x0000000086300000, 0x0000000086400000|  0%| F|  |TAMS 0x0000000086300000, 0x0000000086300000| Untracked 
| 100|0x0000000086400000, 0x0000000086400000, 0x0000000086500000|  0%| F|  |TAMS 0x0000000086400000, 0x0000000086400000| Untracked 
| 101|0x0000000086500000, 0x0000000086500000, 0x0000000086600000|  0%| F|  |TAMS 0x0000000086500000, 0x0000000086500000| Untracked 
| 102|0x0000000086600000, 0x0000000086700000, 0x0000000086700000|100%| S|CS|TAMS 0x0000000086600000, 0x0000000086600000| Complete 
| 103|0x0000000086700000, 0x0000000086800000, 0x0000000086800000|100%| S|CS|TAMS 0x0000000086700000, 0x0000000086700000| Complete 
| 104|0x0000000086800000, 0x0000000086900000, 0x0000000086900000|100%| S|CS|TAMS 0x0000000086800000, 0x0000000086800000| Complete 
| 105|0x0000000086900000, 0x0000000086a00000, 0x0000000086a00000|100%| S|CS|TAMS 0x0000000086900000, 0x0000000086900000| Complete 
| 106|0x0000000086a00000, 0x0000000086b00000, 0x0000000086b00000|100%| S|CS|TAMS 0x0000000086a00000, 0x0000000086a00000| Complete 
| 107|0x0000000086b00000, 0x0000000086c00000, 0x0000000086c00000|100%| S|CS|TAMS 0x0000000086b00000, 0x0000000086b00000| Complete 
| 108|0x0000000086c00000, 0x0000000086d00000, 0x0000000086d00000|100%| S|CS|TAMS 0x0000000086c00000, 0x0000000086c00000| Complete 
| 109|0x0000000086d00000, 0x0000000086d00000, 0x0000000086e00000|  0%| F|  |TAMS 0x0000000086d00000, 0x0000000086d00000| Untracked 
| 110|0x0000000086e00000, 0x0000000086e00000, 0x0000000086f00000|  0%| F|  |TAMS 0x0000000086e00000, 0x0000000086e00000| Untracked 
| 111|0x0000000086f00000, 0x0000000086f00000, 0x0000000087000000|  0%| F|  |TAMS 0x0000000086f00000, 0x0000000086f00000| Untracked 
| 112|0x0000000087000000, 0x0000000087000000, 0x0000000087100000|  0%| F|  |TAMS 0x0000000087000000, 0x0000000087000000| Untracked 
| 113|0x0000000087100000, 0x0000000087100000, 0x0000000087200000|  0%| F|  |TAMS 0x0000000087100000, 0x0000000087100000| Untracked 
| 114|0x0000000087200000, 0x0000000087200000, 0x0000000087300000|  0%| F|  |TAMS 0x0000000087200000, 0x0000000087200000| Untracked 
| 115|0x0000000087300000, 0x0000000087300000, 0x0000000087400000|  0%| F|  |TAMS 0x0000000087300000, 0x0000000087300000| Untracked 
| 116|0x0000000087400000, 0x0000000087400000, 0x0000000087500000|  0%| F|  |TAMS 0x0000000087400000, 0x0000000087400000| Untracked 
| 117|0x0000000087500000, 0x0000000087600000, 0x0000000087600000|100%| S|CS|TAMS 0x0000000087500000, 0x0000000087500000| Complete 
| 118|0x0000000087600000, 0x0000000087700000, 0x0000000087700000|100%| S|CS|TAMS 0x0000000087600000, 0x0000000087600000| Complete 
| 119|0x0000000087700000, 0x0000000087800000, 0x0000000087800000|100%| S|CS|TAMS 0x0000000087700000, 0x0000000087700000| Complete 
| 120|0x0000000087800000, 0x0000000087900000, 0x0000000087900000|100%| S|CS|TAMS 0x0000000087800000, 0x0000000087800000| Complete 
| 121|0x0000000087900000, 0x0000000087a00000, 0x0000000087a00000|100%| S|CS|TAMS 0x0000000087900000, 0x0000000087900000| Complete 
| 122|0x0000000087a00000, 0x0000000087b00000, 0x0000000087b00000|100%| S|CS|TAMS 0x0000000087a00000, 0x0000000087a00000| Complete 
| 123|0x0000000087b00000, 0x0000000087c00000, 0x0000000087c00000|100%| S|CS|TAMS 0x0000000087b00000, 0x0000000087b00000| Complete 
| 124|0x0000000087c00000, 0x0000000087d00000, 0x0000000087d00000|100%| S|CS|TAMS 0x0000000087c00000, 0x0000000087c00000| Complete 
| 125|0x0000000087d00000, 0x0000000087d00000, 0x0000000087e00000|  0%| F|  |TAMS 0x0000000087d00000, 0x0000000087d00000| Untracked 
| 126|0x0000000087e00000, 0x0000000087e00000, 0x0000000087f00000|  0%| F|  |TAMS 0x0000000087e00000, 0x0000000087e00000| Untracked 
| 127|0x0000000087f00000, 0x0000000087f00000, 0x0000000088000000|  0%| F|  |TAMS 0x0000000087f00000, 0x0000000087f00000| Untracked 
| 128|0x0000000088000000, 0x0000000088000000, 0x0000000088100000|  0%| F|  |TAMS 0x0000000088000000, 0x0000000088000000| Untracked 
| 129|0x0000000088100000, 0x0000000088100000, 0x0000000088200000|  0%| F|  |TAMS 0x0000000088100000, 0x0000000088100000| Untracked 
| 130|0x0000000088200000, 0x0000000088200000, 0x0000000088300000|  0%| F|  |TAMS 0x0000000088200000, 0x0000000088200000| Untracked 
| 131|0x0000000088300000, 0x0000000088300000, 0x0000000088400000|  0%| F|  |TAMS 0x0000000088300000, 0x0000000088300000| Untracked 
| 132|0x0000000088400000, 0x0000000088400000, 0x0000000088500000|  0%| F|  |TAMS 0x0000000088400000, 0x0000000088400000| Untracked 
| 133|0x0000000088500000, 0x0000000088500000, 0x0000000088600000|  0%| F|  |TAMS 0x0000000088500000, 0x0000000088500000| Untracked 
| 134|0x0000000088600000, 0x0000000088600000, 0x0000000088700000|  0%| F|  |TAMS 0x0000000088600000, 0x0000000088600000| Untracked 
| 135|0x0000000088700000, 0x0000000088700000, 0x0000000088800000|  0%| F|  |TAMS 0x0000000088700000, 0x0000000088700000| Untracked 
| 136|0x0000000088800000, 0x0000000088800000, 0x0000000088900000|  0%| F|  |TAMS 0x0000000088800000, 0x0000000088800000| Untracked 
| 137|0x0000000088900000, 0x0000000088900000, 0x0000000088a00000|  0%| F|  |TAMS 0x0000000088900000, 0x0000000088900000| Untracked 
| 138|0x0000000088a00000, 0x0000000088a00000, 0x0000000088b00000|  0%| F|  |TAMS 0x0000000088a00000, 0x0000000088a00000| Untracked 
| 139|0x0000000088b00000, 0x0000000088b00000, 0x0000000088c00000|  0%| F|  |TAMS 0x0000000088b00000, 0x0000000088b00000| Untracked 
| 140|0x0000000088c00000, 0x0000000088c00000, 0x0000000088d00000|  0%| F|  |TAMS 0x0000000088c00000, 0x0000000088c00000| Untracked 
| 141|0x0000000088d00000, 0x0000000088d00000, 0x0000000088e00000|  0%| F|  |TAMS 0x0000000088d00000, 0x0000000088d00000| Untracked 
| 142|0x0000000088e00000, 0x0000000088e00000, 0x0000000088f00000|  0%| F|  |TAMS 0x0000000088e00000, 0x0000000088e00000| Untracked 
| 143|0x0000000088f00000, 0x0000000088f00000, 0x0000000089000000|  0%| F|  |TAMS 0x0000000088f00000, 0x0000000088f00000| Untracked 
| 144|0x0000000089000000, 0x0000000089000000, 0x0000000089100000|  0%| F|  |TAMS 0x0000000089000000, 0x0000000089000000| Untracked 
| 145|0x0000000089100000, 0x0000000089100000, 0x0000000089200000|  0%| F|  |TAMS 0x0000000089100000, 0x0000000089100000| Untracked 
| 146|0x0000000089200000, 0x0000000089200000, 0x0000000089300000|  0%| F|  |TAMS 0x0000000089200000, 0x0000000089200000| Untracked 
| 147|0x0000000089300000, 0x0000000089300000, 0x0000000089400000|  0%| F|  |TAMS 0x0000000089300000, 0x0000000089300000| Untracked 
| 148|0x0000000089400000, 0x0000000089400000, 0x0000000089500000|  0%| F|  |TAMS 0x0000000089400000, 0x0000000089400000| Untracked 
| 149|0x0000000089500000, 0x0000000089500000, 0x0000000089600000|  0%| F|  |TAMS 0x0000000089500000, 0x0000000089500000| Untracked 
| 150|0x0000000089600000, 0x0000000089600000, 0x0000000089700000|  0%| F|  |TAMS 0x0000000089600000, 0x0000000089600000| Untracked 
| 151|0x0000000089700000, 0x0000000089700000, 0x0000000089800000|  0%| F|  |TAMS 0x0000000089700000, 0x0000000089700000| Untracked 
| 152|0x0000000089800000, 0x0000000089800000, 0x0000000089900000|  0%| F|  |TAMS 0x0000000089800000, 0x0000000089800000| Untracked 
| 153|0x0000000089900000, 0x0000000089900000, 0x0000000089a00000|  0%| F|  |TAMS 0x0000000089900000, 0x0000000089900000| Untracked 
| 154|0x0000000089a00000, 0x0000000089a00000, 0x0000000089b00000|  0%| F|  |TAMS 0x0000000089a00000, 0x0000000089a00000| Untracked 
| 155|0x0000000089b00000, 0x0000000089b00000, 0x0000000089c00000|  0%| F|  |TAMS 0x0000000089b00000, 0x0000000089b00000| Untracked 
| 156|0x0000000089c00000, 0x0000000089c00000, 0x0000000089d00000|  0%| F|  |TAMS 0x0000000089c00000, 0x0000000089c00000| Untracked 
| 157|0x0000000089d00000, 0x0000000089d00000, 0x0000000089e00000|  0%| F|  |TAMS 0x0000000089d00000, 0x0000000089d00000| Untracked 
| 158|0x0000000089e00000, 0x0000000089e00000, 0x0000000089f00000|  0%| F|  |TAMS 0x0000000089e00000, 0x0000000089e00000| Untracked 
| 159|0x0000000089f00000, 0x0000000089f00000, 0x000000008a000000|  0%| F|  |TAMS 0x0000000089f00000, 0x0000000089f00000| Untracked 
| 160|0x000000008a000000, 0x000000008a000000, 0x000000008a100000|  0%| F|  |TAMS 0x000000008a000000, 0x000000008a000000| Untracked 
| 161|0x000000008a100000, 0x000000008a100000, 0x000000008a200000|  0%| F|  |TAMS 0x000000008a100000, 0x000000008a100000| Untracked 
| 162|0x000000008a200000, 0x000000008a200000, 0x000000008a300000|  0%| F|  |TAMS 0x000000008a200000, 0x000000008a200000| Untracked 
| 163|0x000000008a300000, 0x000000008a300000, 0x000000008a400000|  0%| F|  |TAMS 0x000000008a300000, 0x000000008a300000| Untracked 
| 164|0x000000008a400000, 0x000000008a400000, 0x000000008a500000|  0%| F|  |TAMS 0x000000008a400000, 0x000000008a400000| Untracked 
| 165|0x000000008a500000, 0x000000008a500000, 0x000000008a600000|  0%| F|  |TAMS 0x000000008a500000, 0x000000008a500000| Untracked 
| 166|0x000000008a600000, 0x000000008a600000, 0x000000008a700000|  0%| F|  |TAMS 0x000000008a600000, 0x000000008a600000| Untracked 
| 167|0x000000008a700000, 0x000000008a700000, 0x000000008a800000|  0%| F|  |TAMS 0x000000008a700000, 0x000000008a700000| Untracked 
| 168|0x000000008a800000, 0x000000008a800000, 0x000000008a900000|  0%| F|  |TAMS 0x000000008a800000, 0x000000008a800000| Untracked 
| 169|0x000000008a900000, 0x000000008a900000, 0x000000008aa00000|  0%| F|  |TAMS 0x000000008a900000, 0x000000008a900000| Untracked 
| 170|0x000000008aa00000, 0x000000008aa00000, 0x000000008ab00000|  0%| F|  |TAMS 0x000000008aa00000, 0x000000008aa00000| Untracked 
| 171|0x000000008ab00000, 0x000000008ab00000, 0x000000008ac00000|  0%| F|  |TAMS 0x000000008ab00000, 0x000000008ab00000| Untracked 
| 172|0x000000008ac00000, 0x000000008ac00000, 0x000000008ad00000|  0%| F|  |TAMS 0x000000008ac00000, 0x000000008ac00000| Untracked 
| 173|0x000000008ad00000, 0x000000008ad00000, 0x000000008ae00000|  0%| F|  |TAMS 0x000000008ad00000, 0x000000008ad00000| Untracked 
| 174|0x000000008ae00000, 0x000000008ae00000, 0x000000008af00000|  0%| F|  |TAMS 0x000000008ae00000, 0x000000008ae00000| Untracked 
| 175|0x000000008af00000, 0x000000008af00000, 0x000000008b000000|  0%| F|  |TAMS 0x000000008af00000, 0x000000008af00000| Untracked 
| 176|0x000000008b000000, 0x000000008b000000, 0x000000008b100000|  0%| F|  |TAMS 0x000000008b000000, 0x000000008b000000| Untracked 
| 177|0x000000008b100000, 0x000000008b100000, 0x000000008b200000|  0%| F|  |TAMS 0x000000008b100000, 0x000000008b100000| Untracked 
| 178|0x000000008b200000, 0x000000008b200000, 0x000000008b300000|  0%| F|  |TAMS 0x000000008b200000, 0x000000008b200000| Untracked 
| 179|0x000000008b300000, 0x000000008b300000, 0x000000008b400000|  0%| F|  |TAMS 0x000000008b300000, 0x000000008b300000| Untracked 
| 180|0x000000008b400000, 0x000000008b400000, 0x000000008b500000|  0%| F|  |TAMS 0x000000008b400000, 0x000000008b400000| Untracked 
| 181|0x000000008b500000, 0x000000008b500000, 0x000000008b600000|  0%| F|  |TAMS 0x000000008b500000, 0x000000008b500000| Untracked 
| 182|0x000000008b600000, 0x000000008b600000, 0x000000008b700000|  0%| F|  |TAMS 0x000000008b600000, 0x000000008b600000| Untracked 
| 183|0x000000008b700000, 0x000000008b700000, 0x000000008b800000|  0%| F|  |TAMS 0x000000008b700000, 0x000000008b700000| Untracked 
| 184|0x000000008b800000, 0x000000008b800000, 0x000000008b900000|  0%| F|  |TAMS 0x000000008b800000, 0x000000008b800000| Untracked 
| 185|0x000000008b900000, 0x000000008b900000, 0x000000008ba00000|  0%| F|  |TAMS 0x000000008b900000, 0x000000008b900000| Untracked 
| 186|0x000000008ba00000, 0x000000008ba00000, 0x000000008bb00000|  0%| F|  |TAMS 0x000000008ba00000, 0x000000008ba00000| Untracked 
| 187|0x000000008bb00000, 0x000000008bb00000, 0x000000008bc00000|  0%| F|  |TAMS 0x000000008bb00000, 0x000000008bb00000| Untracked 
| 188|0x000000008bc00000, 0x000000008bc00000, 0x000000008bd00000|  0%| F|  |TAMS 0x000000008bc00000, 0x000000008bc00000| Untracked 
| 189|0x000000008bd00000, 0x000000008bd00000, 0x000000008be00000|  0%| F|  |TAMS 0x000000008bd00000, 0x000000008bd00000| Untracked 
| 190|0x000000008be00000, 0x000000008be00000, 0x000000008bf00000|  0%| F|  |TAMS 0x000000008be00000, 0x000000008be00000| Untracked 
| 191|0x000000008bf00000, 0x000000008bf00000, 0x000000008c000000|  0%| F|  |TAMS 0x000000008bf00000, 0x000000008bf00000| Untracked 
| 192|0x000000008c000000, 0x000000008c000000, 0x000000008c100000|  0%| F|  |TAMS 0x000000008c000000, 0x000000008c000000| Untracked 
| 193|0x000000008c100000, 0x000000008c100000, 0x000000008c200000|  0%| F|  |TAMS 0x000000008c100000, 0x000000008c100000| Untracked 
| 194|0x000000008c200000, 0x000000008c200000, 0x000000008c300000|  0%| F|  |TAMS 0x000000008c200000, 0x000000008c200000| Untracked 
| 195|0x000000008c300000, 0x000000008c300000, 0x000000008c400000|  0%| F|  |TAMS 0x000000008c300000, 0x000000008c300000| Untracked 
| 196|0x000000008c400000, 0x000000008c400000, 0x000000008c500000|  0%| F|  |TAMS 0x000000008c400000, 0x000000008c400000| Untracked 
| 197|0x000000008c500000, 0x000000008c500000, 0x000000008c600000|  0%| F|  |TAMS 0x000000008c500000, 0x000000008c500000| Untracked 
| 198|0x000000008c600000, 0x000000008c600000, 0x000000008c700000|  0%| F|  |TAMS 0x000000008c600000, 0x000000008c600000| Untracked 
| 199|0x000000008c700000, 0x000000008c700000, 0x000000008c800000|  0%| F|  |TAMS 0x000000008c700000, 0x000000008c700000| Untracked 
| 200|0x000000008c800000, 0x000000008c800000, 0x000000008c900000|  0%| F|  |TAMS 0x000000008c800000, 0x000000008c800000| Untracked 
| 201|0x000000008c900000, 0x000000008c900000, 0x000000008ca00000|  0%| F|  |TAMS 0x000000008c900000, 0x000000008c900000| Untracked 
| 202|0x000000008ca00000, 0x000000008ca00000, 0x000000008cb00000|  0%| F|  |TAMS 0x000000008ca00000, 0x000000008ca00000| Untracked 
| 203|0x000000008cb00000, 0x000000008cb00000, 0x000000008cc00000|  0%| F|  |TAMS 0x000000008cb00000, 0x000000008cb00000| Untracked 
| 204|0x000000008cc00000, 0x000000008cc00000, 0x000000008cd00000|  0%| F|  |TAMS 0x000000008cc00000, 0x000000008cc00000| Untracked 
| 205|0x000000008cd00000, 0x000000008cd00000, 0x000000008ce00000|  0%| F|  |TAMS 0x000000008cd00000, 0x000000008cd00000| Untracked 
| 206|0x000000008ce00000, 0x000000008ce00000, 0x000000008cf00000|  0%| F|  |TAMS 0x000000008ce00000, 0x000000008ce00000| Untracked 
| 207|0x000000008cf00000, 0x000000008cf00000, 0x000000008d000000|  0%| F|  |TAMS 0x000000008cf00000, 0x000000008cf00000| Untracked 
| 208|0x000000008d000000, 0x000000008d000000, 0x000000008d100000|  0%| F|  |TAMS 0x000000008d000000, 0x000000008d000000| Untracked 
| 209|0x000000008d100000, 0x000000008d100000, 0x000000008d200000|  0%| F|  |TAMS 0x000000008d100000, 0x000000008d100000| Untracked 
| 210|0x000000008d200000, 0x000000008d200000, 0x000000008d300000|  0%| F|  |TAMS 0x000000008d200000, 0x000000008d200000| Untracked 
| 211|0x000000008d300000, 0x000000008d30ac10, 0x000000008d400000|  4%| E|  |TAMS 0x000000008d300000, 0x000000008d300000| Complete 
| 212|0x000000008d400000, 0x000000008d500000, 0x000000008d500000|100%| E|CS|TAMS 0x000000008d400000, 0x000000008d400000| Complete 
| 213|0x000000008d500000, 0x000000008d600000, 0x000000008d600000|100%| E|CS|TAMS 0x000000008d500000, 0x000000008d500000| Complete 
| 214|0x000000008d600000, 0x000000008d700000, 0x000000008d700000|100%| E|CS|TAMS 0x000000008d600000, 0x000000008d600000| Complete 
| 215|0x000000008d700000, 0x000000008d800000, 0x000000008d800000|100%| E|CS|TAMS 0x000000008d700000, 0x000000008d700000| Complete 
| 216|0x000000008d800000, 0x000000008d900000, 0x000000008d900000|100%| E|CS|TAMS 0x000000008d800000, 0x000000008d800000| Complete 
| 217|0x000000008d900000, 0x000000008da00000, 0x000000008da00000|100%| E|CS|TAMS 0x000000008d900000, 0x000000008d900000| Complete 
| 218|0x000000008da00000, 0x000000008db00000, 0x000000008db00000|100%| E|CS|TAMS 0x000000008da00000, 0x000000008da00000| Complete 
| 219|0x000000008db00000, 0x000000008dc00000, 0x000000008dc00000|100%| E|  |TAMS 0x000000008db00000, 0x000000008db00000| Complete 
| 220|0x000000008dc00000, 0x000000008dd00000, 0x000000008dd00000|100%| E|CS|TAMS 0x000000008dc00000, 0x000000008dc00000| Complete 
| 221|0x000000008dd00000, 0x000000008de00000, 0x000000008de00000|100%| E|CS|TAMS 0x000000008dd00000, 0x000000008dd00000| Complete 
| 222|0x000000008de00000, 0x000000008df00000, 0x000000008df00000|100%| E|CS|TAMS 0x000000008de00000, 0x000000008de00000| Complete 
| 223|0x000000008df00000, 0x000000008e000000, 0x000000008e000000|100%| E|CS|TAMS 0x000000008df00000, 0x000000008df00000| Complete 
| 224|0x000000008e000000, 0x000000008e100000, 0x000000008e100000|100%| E|CS|TAMS 0x000000008e000000, 0x000000008e000000| Complete 
| 225|0x000000008e100000, 0x000000008e200000, 0x000000008e200000|100%| E|CS|TAMS 0x000000008e100000, 0x000000008e100000| Complete 
| 226|0x000000008e200000, 0x000000008e300000, 0x000000008e300000|100%| E|CS|TAMS 0x000000008e200000, 0x000000008e200000| Complete 
| 227|0x000000008e300000, 0x000000008e400000, 0x000000008e400000|100%| E|CS|TAMS 0x000000008e300000, 0x000000008e300000| Complete 
| 228|0x000000008e400000, 0x000000008e500000, 0x000000008e500000|100%| E|CS|TAMS 0x000000008e400000, 0x000000008e400000| Complete 
| 229|0x000000008e500000, 0x000000008e600000, 0x000000008e600000|100%| E|CS|TAMS 0x000000008e500000, 0x000000008e500000| Complete 
| 230|0x000000008e600000, 0x000000008e700000, 0x000000008e700000|100%| E|CS|TAMS 0x000000008e600000, 0x000000008e600000| Complete 
| 231|0x000000008e700000, 0x000000008e800000, 0x000000008e800000|100%| E|CS|TAMS 0x000000008e700000, 0x000000008e700000| Complete 
| 239|0x000000008ef00000, 0x000000008f000000, 0x000000008f000000|100%| E|CS|TAMS 0x000000008ef00000, 0x000000008ef00000| Complete 
| 240|0x000000008f000000, 0x000000008f100000, 0x000000008f100000|100%| E|CS|TAMS 0x000000008f000000, 0x000000008f000000| Complete 
| 241|0x000000008f100000, 0x000000008f200000, 0x000000008f200000|100%| E|CS|TAMS 0x000000008f100000, 0x000000008f100000| Complete 
| 242|0x000000008f200000, 0x000000008f300000, 0x000000008f300000|100%| E|CS|TAMS 0x000000008f200000, 0x000000008f200000| Complete 
| 243|0x000000008f300000, 0x000000008f400000, 0x000000008f400000|100%| E|CS|TAMS 0x000000008f300000, 0x000000008f300000| Complete 

Card table byte_map: [0x000001df798c0000,0x000001df79cc0000] _byte_map_base: 0x000001df794c0000

Marking Bits (Prev, Next): (CMBitMap*) 0x000001df6523b230, (CMBitMap*) 0x000001df6523b270
 Prev Bits: [0x000001df7a0c0000, 0x000001df7c0c0000)
 Next Bits: [0x000001df7c0c0000, 0x000001df7e0c0000)

Polling page: 0x000001df652a0000

Metaspace:

Usage:
  Non-class:     84.61 MB used.
      Class:     13.45 MB used.
       Both:     98.06 MB used.

Virtual space:
  Non-class space:      128.00 MB reserved,      85.00 MB ( 66%) committed,  2 nodes.
      Class space:        1.00 GB reserved,      13.75 MB (  1%) committed,  1 nodes.
             Both:        1.12 GB reserved,      98.75 MB (  9%) committed. 

Chunk freelists:
   Non-Class:  10.44 MB
       Class:  2.17 MB
        Both:  12.61 MB

MaxMetaspaceSize: unlimited
CompressedClassSpaceSize: 1.00 GB
Initial GC threshold: 21.00 MB
Current GC threshold: 122.19 MB
CDS: off
MetaspaceReclaimPolicy: balanced
 - commit_granule_bytes: 65536.
 - commit_granule_words: 8192.
 - virtual_space_node_default_size: 8388608.
 - enlarge_chunks_in_place: 1.
 - new_chunks_are_fully_committed: 0.
 - uncommit_free_chunks: 1.
 - use_allocation_guard: 0.
 - handle_deallocations: 1.


Internal statistics:

num_allocs_failed_limit: 6.
num_arena_births: 1032.
num_arena_deaths: 0.
num_vsnodes_births: 3.
num_vsnodes_deaths: 0.
num_space_committed: 1579.
num_space_uncommitted: 0.
num_chunks_returned_to_freelist: 6.
num_chunks_taken_from_freelist: 4919.
num_chunk_merges: 6.
num_chunk_splits: 3195.
num_chunks_enlarged: 2059.
num_inconsistent_stats: 0.

CodeHeap 'non-profiled nmethods': size=120000Kb used=4729Kb max_used=4729Kb free=115270Kb
 bounds [0x000001df71970000, 0x000001df71e10000, 0x000001df78ea0000]
CodeHeap 'profiled nmethods': size=120000Kb used=19211Kb max_used=19211Kb free=100788Kb
 bounds [0x000001df69ea0000, 0x000001df6b170000, 0x000001df713d0000]
CodeHeap 'non-nmethods': size=5760Kb used=2383Kb max_used=2430Kb free=3376Kb
 bounds [0x000001df713d0000, 0x000001df71650000, 0x000001df71970000]
 total_blobs=11223 nmethods=10303 adapters=832
 compilation: enabled
              stopped_count=0, restarted_count=0
 full_count=0

Compilation events (20 events):
Event: 31.382 Thread 0x000001df7e90c410 11356       1       org.gradle.internal.logging.events.ProgressStartEvent::getBuildOperationId (5 bytes)
Event: 31.383 Thread 0x000001df7e90c410 nmethod 11356 0x000001df71e0d090 code [0x000001df71e0d220, 0x000001df71e0d2f8]
Event: 31.384 Thread 0x000001df7e90a080 nmethod 11352 0x000001df71e0d390 code [0x000001df71e0d520, 0x000001df71e0db18]
Event: 31.384 Thread 0x000001df7e90a080 11353       4       java.lang.Long::bitCount (61 bytes)
Event: 31.385 Thread 0x000001df7e90c410 11357       3       java.io.Bits::putFloat (10 bytes)
Event: 31.385 Thread 0x000001df7e90c410 nmethod 11357 0x000001df6b15e890 code [0x000001df6b15ea40, 0x000001df6b15ed08]
Event: 31.385 Thread 0x000001df7e90a080 nmethod 11353 0x000001df71e0de90 code [0x000001df71e0e000, 0x000001df71e0e0d8]
Event: 31.385 Thread 0x000001df7e90a080 11301       4       java.lang.invoke.LambdaForm::prepare (112 bytes)
Event: 31.385 Thread 0x000001df7e90c410 11358       3       java.lang.Float::floatToIntBits (15 bytes)
Event: 31.385 Thread 0x000001df7e90c410 nmethod 11358 0x000001df6b15ee10 code [0x000001df6b15efc0, 0x000001df6b15f218]
Event: 31.386 Thread 0x000001df7e90c410 11359       3       org.gradle.internal.collections.ImmutableFilteredList::<init> (15 bytes)
Event: 31.386 Thread 0x000001df7e90c410 nmethod 11359 0x000001df6b15f310 code [0x000001df6b15f4c0, 0x000001df6b15f798]
Event: 31.387 Thread 0x000001df7e90c410 11360       3       java.io.ObjectOutputStream::defaultWriteObject (54 bytes)
Event: 31.388 Thread 0x000001df7e90c410 nmethod 11360 0x000001df6b15f890 code [0x000001df6b15fac0, 0x000001df6b160148]
Event: 31.388 Thread 0x000001df7e90c410 11361       3       java.util.BitSet::set (58 bytes)
Event: 31.389 Thread 0x000001df7e90c410 nmethod 11361 0x000001df6b160410 code [0x000001df6b160680, 0x000001df6b160ed8]
Event: 31.389 Thread 0x000001df7e90c410 11363       3       java.io.ObjectOutputStream$BlockDataOutputStream::writeBlockHeader (70 bytes)
Event: 31.389 Thread 0x000001df7e90c410 nmethod 11363 0x000001df6b161290 code [0x000001df6b161460, 0x000001df6b161848]
Event: 31.389 Thread 0x000001df7e90c410 11362       3       org.gradle.api.internal.artifacts.transform.ConsumerProvidedVariantFinder$ChainState::<init> (20 bytes)
Event: 31.389 Thread 0x000001df7e90c410 nmethod 11362 0x000001df6b161a10 code [0x000001df6b161bc0, 0x000001df6b161e38]

GC Heap History (20 events):
Event: 17.577 GC heap before
{Heap before GC invocations=39 (full 0):
 garbage-first heap   total 121856K, used 71575K [0x0000000080000000, 0x0000000100000000)
  region size 1024K, 16 young (16384K), 5 survivors (5120K)
 Metaspace       used 68164K, committed 68800K, reserved 1114112K
  class space    used 9155K, committed 9408K, reserved 1048576K
}
Event: 17.588 GC heap after
{Heap after GC invocations=40 (full 0):
 garbage-first heap   total 121856K, used 59653K [0x0000000080000000, 0x0000000100000000)
  region size 1024K, 5 young (5120K), 5 survivors (5120K)
 Metaspace       used 68164K, committed 68800K, reserved 1114112K
  class space    used 9155K, committed 9408K, reserved 1048576K
}
Event: 18.219 GC heap before
{Heap before GC invocations=41 (full 0):
 garbage-first heap   total 121856K, used 89349K [0x0000000080000000, 0x0000000100000000)
  region size 1024K, 33 young (33792K), 5 survivors (5120K)
 Metaspace       used 70299K, committed 70912K, reserved 1114112K
  class space    used 9452K, committed 9728K, reserved 1048576K
}
Event: 18.226 GC heap after
{Heap after GC invocations=42 (full 0):
 garbage-first heap   total 121856K, used 62289K [0x0000000080000000, 0x0000000100000000)
  region size 1024K, 2 young (2048K), 2 survivors (2048K)
 Metaspace       used 70299K, committed 70912K, reserved 1114112K
  class space    used 9452K, committed 9728K, reserved 1048576K
}
Event: 18.835 GC heap before
{Heap before GC invocations=42 (full 0):
 garbage-first heap   total 121856K, used 90961K [0x0000000080000000, 0x0000000100000000)
  region size 1024K, 30 young (30720K), 2 survivors (2048K)
 Metaspace       used 72300K, committed 72896K, reserved 1114112K
  class space    used 9712K, committed 9984K, reserved 1048576K
}
Event: 18.842 GC heap after
{Heap after GC invocations=43 (full 0):
 garbage-first heap   total 121856K, used 63555K [0x0000000080000000, 0x0000000100000000)
  region size 1024K, 3 young (3072K), 3 survivors (3072K)
 Metaspace       used 72300K, committed 72896K, reserved 1114112K
  class space    used 9712K, committed 9984K, reserved 1048576K
}
Event: 19.280 GC heap before
{Heap before GC invocations=44 (full 0):
 garbage-first heap   total 121856K, used 93251K [0x0000000080000000, 0x0000000100000000)
  region size 1024K, 32 young (32768K), 3 survivors (3072K)
 Metaspace       used 72475K, committed 73024K, reserved 1114112K
  class space    used 9743K, committed 9984K, reserved 1048576K
}
Event: 19.286 GC heap after
{Heap after GC invocations=45 (full 0):
 garbage-first heap   total 121856K, used 65731K [0x0000000080000000, 0x0000000100000000)
  region size 1024K, 4 young (4096K), 4 survivors (4096K)
 Metaspace       used 72475K, committed 73024K, reserved 1114112K
  class space    used 9743K, committed 9984K, reserved 1048576K
}
Event: 19.295 GC heap before
{Heap before GC invocations=45 (full 0):
 garbage-first heap   total 121856K, used 66755K [0x0000000080000000, 0x0000000100000000)
  region size 1024K, 5 young (5120K), 4 survivors (4096K)
 Metaspace       used 72477K, committed 73024K, reserved 1114112K
  class space    used 9743K, committed 9984K, reserved 1048576K
}
Event: 19.304 GC heap after
{Heap after GC invocations=46 (full 0):
 garbage-first heap   total 121856K, used 65357K [0x0000000080000000, 0x0000000100000000)
  region size 1024K, 1 young (1024K), 1 survivors (1024K)
 Metaspace       used 72477K, committed 73024K, reserved 1114112K
  class space    used 9743K, committed 9984K, reserved 1048576K
}
Event: 20.660 GC heap before
{Heap before GC invocations=46 (full 0):
 garbage-first heap   total 121856K, used 95053K [0x0000000080000000, 0x0000000100000000)
  region size 1024K, 30 young (30720K), 1 survivors (1024K)
 Metaspace       used 74164K, committed 74752K, reserved 1114112K
  class space    used 9981K, committed 10240K, reserved 1048576K
}
Event: 20.666 GC heap after
{Heap after GC invocations=47 (full 0):
 garbage-first heap   total 249856K, used 66808K [0x0000000080000000, 0x0000000100000000)
  region size 1024K, 2 young (2048K), 2 survivors (2048K)
 Metaspace       used 74164K, committed 74752K, reserved 1114112K
  class space    used 9981K, committed 10240K, reserved 1048576K
}
Event: 23.693 GC heap before
{Heap before GC invocations=48 (full 0):
 garbage-first heap   total 242688K, used 177400K [0x0000000080000000, 0x0000000100000000)
  region size 1024K, 109 young (111616K), 2 survivors (2048K)
 Metaspace       used 82277K, committed 82880K, reserved 1179648K
  class space    used 11307K, committed 11584K, reserved 1048576K
}
Event: 23.705 GC heap after
{Heap after GC invocations=49 (full 0):
 garbage-first heap   total 242688K, used 71336K [0x0000000080000000, 0x0000000100000000)
  region size 1024K, 7 young (7168K), 7 survivors (7168K)
 Metaspace       used 82277K, committed 82880K, reserved 1179648K
  class space    used 11307K, committed 11584K, reserved 1048576K
}
Event: 23.800 GC heap before
{Heap before GC invocations=49 (full 0):
 garbage-first heap   total 242688K, used 74408K [0x0000000080000000, 0x0000000100000000)
  region size 1024K, 11 young (11264K), 7 survivors (7168K)
 Metaspace       used 82551K, committed 83200K, reserved 1179648K
  class space    used 11351K, committed 11648K, reserved 1048576K
}
Event: 23.809 GC heap after
{Heap after GC invocations=50 (full 0):
 garbage-first heap   total 242688K, used 72158K [0x0000000080000000, 0x0000000100000000)
  region size 1024K, 1 young (1024K), 1 survivors (1024K)
 Metaspace       used 82551K, committed 83200K, reserved 1179648K
  class space    used 11351K, committed 11648K, reserved 1048576K
}
Event: 27.268 GC heap before
{Heap before GC invocations=50 (full 0):
 garbage-first heap   total 242688K, used 194014K [0x0000000080000000, 0x0000000100000000)
  region size 1024K, 120 young (122880K), 1 survivors (1024K)
 Metaspace       used 90926K, committed 91584K, reserved 1179648K
  class space    used 12628K, committed 12928K, reserved 1048576K
}
Event: 27.283 GC heap after
{Heap after GC invocations=51 (full 0):
 garbage-first heap   total 242688K, used 78870K [0x0000000080000000, 0x0000000100000000)
  region size 1024K, 8 young (8192K), 8 survivors (8192K)
 Metaspace       used 90926K, committed 91584K, reserved 1179648K
  class space    used 12628K, committed 12928K, reserved 1048576K
}
Event: 30.675 GC heap before
{Heap before GC invocations=51 (full 0):
 garbage-first heap   total 242688K, used 197654K [0x0000000080000000, 0x0000000100000000)
  region size 1024K, 120 young (122880K), 8 survivors (8192K)
 Metaspace       used 96238K, committed 96960K, reserved 1179648K
  class space    used 13247K, committed 13568K, reserved 1048576K
}
Event: 30.703 GC heap after
{Heap after GC invocations=52 (full 0):
 garbage-first heap   total 242688K, used 86558K [0x0000000080000000, 0x0000000100000000)
  region size 1024K, 15 young (15360K), 15 survivors (15360K)
 Metaspace       used 96238K, committed 96960K, reserved 1179648K
  class space    used 13247K, committed 13568K, reserved 1048576K
}

Dll operation events (3 events):
Event: 0.027 Loaded shared library E:\AndroidStudio\jbr\bin\java.dll
Event: 0.235 Loaded shared library E:\AndroidStudio\jbr\bin\zip.dll
Event: 0.812 Loaded shared library E:\AndroidStudio\jbr\bin\verify.dll

Deoptimization events (20 events):
Event: 31.333 Thread 0x000001df09e38ac0 Uncommon trap: trap_request=0xffffff45 fr.pc=0x000001df71c08c74 relative=0x0000000000000234
Event: 31.333 Thread 0x000001df09e38ac0 Uncommon trap: reason=unstable_if action=reinterpret pc=0x000001df71c08c74 method=com.esotericsoftware.kryo.io.Output.writeString(Ljava/lang/CharSequence;)V @ 50 c2
Event: 31.333 Thread 0x000001df09e38ac0 DEOPT PACKING pc=0x000001df71c08c74 sp=0x0000002a3d1fe2a0
Event: 31.333 Thread 0x000001df09e38ac0 DEOPT UNPACKING pc=0x000001df7142699d sp=0x0000002a3d1fe220 mode 2
Event: 31.336 Thread 0x000001df09e38ac0 Uncommon trap: trap_request=0xffffff45 fr.pc=0x000001df71dc1cc4 relative=0x0000000000000664
Event: 31.336 Thread 0x000001df09e38ac0 Uncommon trap: reason=unstable_if action=reinterpret pc=0x000001df71dc1cc4 method=com.esotericsoftware.kryo.io.Output.writeVarLong(JZ)I @ 55 c2
Event: 31.336 Thread 0x000001df09e38ac0 DEOPT PACKING pc=0x000001df71dc1cc4 sp=0x0000002a3d1fe070
Event: 31.336 Thread 0x000001df09e38ac0 DEOPT UNPACKING pc=0x000001df7142699d sp=0x0000002a3d1fe040 mode 2
Event: 31.354 Thread 0x000001df09e3b850 Uncommon trap: trap_request=0xffffffc6 fr.pc=0x000001df71d7cfc4 relative=0x0000000000000124
Event: 31.354 Thread 0x000001df09e3b850 Uncommon trap: reason=bimorphic_or_optimized_type_check action=maybe_recompile pc=0x000001df71d7cfc4 method=com.google.common.collect.RegularImmutableMap.checkNoConflictInKeyBucket(Ljava/lang/Object;Ljava/lang/Object;Lcom/google/common/collect/ImmutableMa
Event: 31.354 Thread 0x000001df09e3b850 DEOPT PACKING pc=0x000001df71d7cfc4 sp=0x0000002a3cdfbfe0
Event: 31.354 Thread 0x000001df09e3b850 DEOPT UNPACKING pc=0x000001df7142699d sp=0x0000002a3cdfbf88 mode 2
Event: 31.355 Thread 0x000001df0668b720 Uncommon trap: trap_request=0xffffff76 fr.pc=0x000001df71dedb28 relative=0x0000000000000088
Event: 31.355 Thread 0x000001df0668b720 Uncommon trap: reason=predicate action=maybe_recompile pc=0x000001df71dedb28 method=java.util.TimSort.binarySort([Ljava/lang/Object;IIILjava/util/Comparator;)V @ 34 c2
Event: 31.355 Thread 0x000001df0668b720 DEOPT PACKING pc=0x000001df71dedb28 sp=0x0000002a3b4fdaa0
Event: 31.355 Thread 0x000001df0668b720 DEOPT UNPACKING pc=0x000001df7142699d sp=0x0000002a3b4fda50 mode 2
Event: 31.356 Thread 0x000001df0668b720 Uncommon trap: trap_request=0xffffff45 fr.pc=0x000001df71d8c1e0 relative=0x00000000000003c0
Event: 31.356 Thread 0x000001df0668b720 Uncommon trap: reason=unstable_if action=reinterpret pc=0x000001df71d8c1e0 method=java.io.ObjectOutputStream$BlockDataOutputStream.writeBytes(Ljava/lang/String;)V @ 22 c2
Event: 31.356 Thread 0x000001df0668b720 DEOPT PACKING pc=0x000001df71d8c1e0 sp=0x0000002a3b4fd540
Event: 31.356 Thread 0x000001df0668b720 DEOPT UNPACKING pc=0x000001df7142699d sp=0x0000002a3b4fd4c8 mode 2

Classes unloaded (0 events):
No events

Classes redefined (0 events):
No events

Internal exceptions (20 events):
Event: 29.034 Thread 0x000001df09e3b850 Exception <a 'java/lang/NoSuchMethodError'{0x000000008c39bd48}: static Lcom/android/build/api/artifact/Artifact$Single;.<clinit>()V> (0x000000008c39bd48) 
thrown [s\src\hotspot\share\prims\jni.cpp, line 1127]
Event: 29.034 Thread 0x000001df09e3b850 Exception <a 'java/lang/NoSuchMethodError'{0x000000008c39e828}: static Ljava/lang/Object;.<clinit>()V> (0x000000008c39e828) 
thrown [s\src\hotspot\share\prims\jni.cpp, line 1127]
Event: 29.036 Thread 0x000001df09e3b850 Exception <a 'java/lang/NoSuchMethodError'{0x000000008c3babb0}: static Lcom/android/build/api/artifact/ArtifactKind;.<clinit>()V> (0x000000008c3babb0) 
thrown [s\src\hotspot\share\prims\jni.cpp, line 1127]
Event: 29.037 Thread 0x000001df09e3b850 Exception <a 'java/lang/NoSuchMethodError'{0x000000008c3bc2c0}: static Lcom/android/build/api/artifact/ArtifactKind;.<clinit>()V> (0x000000008c3bc2c0) 
thrown [s\src\hotspot\share\prims\jni.cpp, line 1127]
Event: 29.632 Thread 0x000001df09e3b850 Exception <a 'java/lang/NoSuchMethodError'{0x000000008ab19110}: 'int java.lang.invoke.DirectMethodHandle$Holder.invokeSpecial(java.lang.Object, java.lang.Object, java.lang.Object, java.lang.Object, java.lang.Object)'> (0x000000008ab19110) 
thrown [s\src\hotspot\share\interpreter\linkResolver.cpp, line 771]
Event: 29.654 Thread 0x000001df09e3b850 Exception <a 'java/lang/NoSuchMethodError'{0x000000008ab5f250}: static Ljava/lang/Object;.<clinit>()V> (0x000000008ab5f250) 
thrown [s\src\hotspot\share\prims\jni.cpp, line 1127]
Event: 30.145 Thread 0x000001df09e3b850 Exception <a 'java/lang/IncompatibleClassChangeError'{0x0000000088cff120}: Found class java.lang.Object, but interface was expected> (0x0000000088cff120) 
thrown [s\src\hotspot\share\interpreter\linkResolver.cpp, line 838]
Event: 30.162 Thread 0x000001df09e3b850 Exception <a 'sun/nio/fs/WindowsException'{0x0000000088b61438}> (0x0000000088b61438) 
thrown [s\src\hotspot\share\prims\jni.cpp, line 531]
Event: 30.165 Thread 0x000001df09e3b850 Exception <a 'sun/nio/fs/WindowsException'{0x0000000088b698b8}> (0x0000000088b698b8) 
thrown [s\src\hotspot\share\prims\jni.cpp, line 531]
Event: 30.167 Thread 0x000001df09e3b850 Exception <a 'sun/nio/fs/WindowsException'{0x0000000088b6a498}> (0x0000000088b6a498) 
thrown [s\src\hotspot\share\prims\jni.cpp, line 531]
Event: 30.170 Thread 0x000001df09e3b850 Exception <a 'sun/nio/fs/WindowsException'{0x0000000088b6b078}> (0x0000000088b6b078) 
thrown [s\src\hotspot\share\prims\jni.cpp, line 531]
Event: 30.172 Thread 0x000001df09e3b850 Exception <a 'sun/nio/fs/WindowsException'{0x0000000088b6bc58}> (0x0000000088b6bc58) 
thrown [s\src\hotspot\share\prims\jni.cpp, line 531]
Event: 30.175 Thread 0x000001df09e3b850 Exception <a 'sun/nio/fs/WindowsException'{0x0000000088b6c838}> (0x0000000088b6c838) 
thrown [s\src\hotspot\share\prims\jni.cpp, line 531]
Event: 30.557 Thread 0x000001df09e3b850 Exception <a 'java/lang/NoSuchMethodError'{0x00000000882c3568}: 'void java.lang.invoke.DirectMethodHandle$Holder.invokeVirtual(java.lang.Object, java.lang.Object, java.lang.Object, java.lang.Object)'> (0x00000000882c3568) 
thrown [s\src\hotspot\share\interpreter\linkResolver.cpp, line 771]
Event: 31.271 Thread 0x000001df09e3b850 Exception <a 'sun/nio/fs/WindowsException'{0x000000008d99d6d8}> (0x000000008d99d6d8) 
thrown [s\src\hotspot\share\prims\jni.cpp, line 531]
Event: 31.271 Thread 0x000001df09e3b850 Exception <a 'sun/nio/fs/WindowsException'{0x000000008d99d8d8}> (0x000000008d99d8d8) 
thrown [s\src\hotspot\share\prims\jni.cpp, line 531]
Event: 31.283 Thread 0x000001df09e3b850 Exception <a 'java/lang/reflect/InvocationTargetException'{0x000000008d9bc878}> (0x000000008d9bc878) 
thrown [s\src\hotspot\share\runtime\reflection.cpp, line 1127]
Event: 31.351 Thread 0x000001df0668b720 Exception <a 'java/lang/NoSuchMethodError'{0x000000008d5fe150}: static Lorg/gradle/internal/build/event/types/DefaultTaskFailureResult;.<clinit>()V> (0x000000008d5fe150) 
thrown [s\src\hotspot\share\prims\jni.cpp, line 1127]
Event: 31.355 Thread 0x000001df0668b720 Exception <a 'java/lang/NoSuchMethodError'{0x000000008d41fee0}: static Lorg/gradle/internal/build/event/types/DefaultFailure;.<clinit>()V> (0x000000008d41fee0) 
thrown [s\src\hotspot\share\prims\jni.cpp, line 1127]
Event: 31.362 Thread 0x000001df09e3b340 Exception <a 'sun/nio/fs/WindowsException'{0x000000008d58c0c8}> (0x000000008d58c0c8) 
thrown [s\src\hotspot\share\prims\jni.cpp, line 531]

VM Operations (20 events):
Event: 28.976 Executing VM operation: ICBufferFull
Event: 28.977 Executing VM operation: ICBufferFull done
Event: 29.517 Executing VM operation: ICBufferFull
Event: 29.517 Executing VM operation: ICBufferFull done
Event: 29.555 Executing VM operation: HandshakeAllThreads
Event: 29.555 Executing VM operation: HandshakeAllThreads done
Event: 29.619 Executing VM operation: HandshakeAllThreads
Event: 29.619 Executing VM operation: HandshakeAllThreads done
Event: 29.794 Executing VM operation: ICBufferFull
Event: 29.795 Executing VM operation: ICBufferFull done
Event: 30.270 Executing VM operation: HandshakeAllThreads
Event: 30.270 Executing VM operation: HandshakeAllThreads done
Event: 30.385 Executing VM operation: HandshakeAllThreads
Event: 30.385 Executing VM operation: HandshakeAllThreads done
Event: 30.674 Executing VM operation: G1CollectForAllocation
Event: 30.703 Executing VM operation: G1CollectForAllocation done
Event: 31.328 Executing VM operation: HandshakeAllThreads
Event: 31.328 Executing VM operation: HandshakeAllThreads done
Event: 31.330 Executing VM operation: HandshakeAllThreads
Event: 31.330 Executing VM operation: HandshakeAllThreads done

Events (20 events):
Event: 30.296 loading class java/util/ResourceBundle$CacheKeyReference
Event: 30.296 loading class java/util/ResourceBundle$CacheKeyReference done
Event: 30.296 loading class java/util/ResourceBundle$KeyElementReference done
Event: 30.296 loading class java/util/ResourceBundle$3
Event: 30.296 loading class java/util/ResourceBundle$3 done
Event: 30.304 loading class java/util/ResourceBundle$BundleReference
Event: 30.304 loading class java/util/ResourceBundle$BundleReference done
Event: 30.369 loading class java/util/ServiceLoader$ProviderSpliterator
Event: 30.370 loading class java/util/ServiceLoader$ProviderSpliterator done
Event: 31.277 loading class java/util/EnumMap$Values
Event: 31.277 loading class java/util/EnumMap$Values done
Event: 31.277 loading class java/util/EnumMap$ValueIterator
Event: 31.277 loading class java/util/EnumMap$ValueIterator done
Event: 31.309 loading class java/util/HashMap$EntrySpliterator
Event: 31.309 loading class java/util/HashMap$EntrySpliterator done
Event: 31.336 loading class java/lang/Throwable$WrappedPrintWriter
Event: 31.337 loading class java/lang/Throwable$PrintStreamOrWriter
Event: 31.337 loading class java/lang/Throwable$PrintStreamOrWriter done
Event: 31.337 loading class java/lang/Throwable$WrappedPrintWriter done
Event: 31.390 Thread 0x000001df0759b800 Thread added: 0x000001df0759b800


Dynamic libraries:
0x00007ff634a40000 - 0x00007ff634a4a000 	E:\AndroidStudio\jbr\bin\java.exe
0x00007ffef4970000 - 0x00007ffef4b68000 	C:\WINDOWS\SYSTEM32\ntdll.dll
0x00007ffef3fd0000 - 0x00007ffef4091000 	C:\WINDOWS\System32\KERNEL32.DLL
0x00007ffef2090000 - 0x00007ffef2386000 	C:\WINDOWS\System32\KERNELBASE.dll
0x00007ffef2540000 - 0x00007ffef2640000 	C:\WINDOWS\System32\ucrtbase.dll
0x00007ffec9e00000 - 0x00007ffec9e17000 	E:\AndroidStudio\jbr\bin\jli.dll
0x00007ffef4180000 - 0x00007ffef431f000 	C:\WINDOWS\System32\USER32.dll
0x00007ffeecf90000 - 0x00007ffeecfab000 	E:\AndroidStudio\jbr\bin\VCRUNTIME140.dll
0x00007ffef27d0000 - 0x00007ffef27f2000 	C:\WINDOWS\System32\win32u.dll
0x00007ffef4420000 - 0x00007ffef444b000 	C:\WINDOWS\System32\GDI32.dll
0x00007ffee3000000 - 0x00007ffee329a000 	C:\WINDOWS\WinSxS\amd64_microsoft.windows.common-controls_6595b64144ccf1df_6.0.19041.4355_none_60b8b9eb71f62e16\COMCTL32.dll
0x00007ffef2390000 - 0x00007ffef24a7000 	C:\WINDOWS\System32\gdi32full.dll
0x00007ffef28b0000 - 0x00007ffef294d000 	C:\WINDOWS\System32\msvcp_win.dll
0x00007ffef2a10000 - 0x00007ffef2aae000 	C:\WINDOWS\System32\msvcrt.dll
0x00007ffef2ab0000 - 0x00007ffef2adf000 	C:\WINDOWS\System32\IMM32.DLL
0x00007ffeecf80000 - 0x00007ffeecf8c000 	E:\AndroidStudio\jbr\bin\vcruntime140_1.dll
0x00007ffeecef0000 - 0x00007ffeecf7d000 	E:\AndroidStudio\jbr\bin\msvcp140.dll
0x00007ffeacc10000 - 0x00007ffead893000 	E:\AndroidStudio\jbr\bin\server\jvm.dll
0x00007ffef31e0000 - 0x00007ffef3290000 	C:\WINDOWS\System32\ADVAPI32.dll
0x00007ffef4380000 - 0x00007ffef4420000 	C:\WINDOWS\System32\sechost.dll
0x00007ffef2ec0000 - 0x00007ffef2fe3000 	C:\WINDOWS\System32\RPCRT4.dll
0x00007ffef2640000 - 0x00007ffef2667000 	C:\WINDOWS\System32\bcrypt.dll
0x00007ffef1e70000 - 0x00007ffef1ebb000 	C:\WINDOWS\SYSTEM32\POWRPROF.dll
0x00007ffee32f0000 - 0x00007ffee32f9000 	C:\WINDOWS\SYSTEM32\WSOCK32.dll
0x00007ffeea300000 - 0x00007ffeea327000 	C:\WINDOWS\SYSTEM32\WINMM.dll
0x00007ffef29a0000 - 0x00007ffef2a0b000 	C:\WINDOWS\System32\WS2_32.dll
0x00007ffeeb790000 - 0x00007ffeeb79a000 	C:\WINDOWS\SYSTEM32\VERSION.dll
0x00007ffef1e50000 - 0x00007ffef1e62000 	C:\WINDOWS\SYSTEM32\UMPDC.dll
0x00007ffeefec0000 - 0x00007ffeefed2000 	C:\WINDOWS\SYSTEM32\kernel.appcore.dll
0x00007ffee32b0000 - 0x00007ffee32ba000 	E:\AndroidStudio\jbr\bin\jimage.dll
0x00007ffee2b40000 - 0x00007ffee2d24000 	C:\WINDOWS\SYSTEM32\DBGHELP.DLL
0x00007ffedeba0000 - 0x00007ffedebd4000 	C:\WINDOWS\SYSTEM32\dbgcore.DLL
0x00007ffef24b0000 - 0x00007ffef2532000 	C:\WINDOWS\System32\bcryptPrimitives.dll
0x00007ffeccf70000 - 0x00007ffeccf7e000 	E:\AndroidStudio\jbr\bin\instrument.dll
0x00007ffeddd50000 - 0x00007ffeddd75000 	E:\AndroidStudio\jbr\bin\java.dll
0x00007ffedfeb0000 - 0x00007ffedfec8000 	E:\AndroidStudio\jbr\bin\zip.dll
0x00007ffef3860000 - 0x00007ffef3fcc000 	C:\WINDOWS\System32\SHELL32.dll
0x00007ffef00c0000 - 0x00007ffef085e000 	C:\WINDOWS\SYSTEM32\windows.storage.dll
0x00007ffef2ae0000 - 0x00007ffef2e33000 	C:\WINDOWS\System32\combase.dll
0x00007ffef1970000 - 0x00007ffef199e000 	C:\WINDOWS\SYSTEM32\Wldp.dll
0x00007ffef4550000 - 0x00007ffef461d000 	C:\WINDOWS\System32\OLEAUT32.dll
0x00007ffef37b0000 - 0x00007ffef385d000 	C:\WINDOWS\System32\SHCORE.dll
0x00007ffef3120000 - 0x00007ffef3175000 	C:\WINDOWS\System32\shlwapi.dll
0x00007ffef1f50000 - 0x00007ffef1f74000 	C:\WINDOWS\SYSTEM32\profapi.dll
0x00007ffeddd30000 - 0x00007ffeddd49000 	E:\AndroidStudio\jbr\bin\net.dll
0x00007ffeea4b0000 - 0x00007ffeea5ba000 	C:\WINDOWS\SYSTEM32\WINHTTP.dll
0x00007ffef16d0000 - 0x00007ffef173a000 	C:\WINDOWS\system32\mswsock.dll
0x00007ffeddd10000 - 0x00007ffeddd26000 	E:\AndroidStudio\jbr\bin\nio.dll
0x00007ffed6cf0000 - 0x00007ffed6d00000 	E:\AndroidStudio\jbr\bin\verify.dll
0x00007ffed9bb0000 - 0x00007ffed9bd7000 	C:\Users\Administrator\.gradle\native\c067742578af261105cb4f569cf0c3c89f3d7b1fecec35dd04571415982c5e48\windows-amd64\native-platform.dll
0x00007ffeaf640000 - 0x00007ffeaf784000 	C:\Users\Administrator\.gradle\native\38dada09dfb8b06ba9b0570ebf7e218e3eb74d4ef43ca46872605cf95ebc2f47\windows-amd64\native-platform-file-events.dll
0x00007ffee0320000 - 0x00007ffee0329000 	E:\AndroidStudio\jbr\bin\management.dll
0x00007ffeddd00000 - 0x00007ffeddd0b000 	E:\AndroidStudio\jbr\bin\management_ext.dll
0x00007ffef4910000 - 0x00007ffef4918000 	C:\WINDOWS\System32\PSAPI.DLL
0x00007ffef18d0000 - 0x00007ffef18e8000 	C:\WINDOWS\SYSTEM32\CRYPTSP.dll
0x00007ffef0ff0000 - 0x00007ffef1024000 	C:\WINDOWS\system32\rsaenh.dll
0x00007ffef1ec0000 - 0x00007ffef1eee000 	C:\WINDOWS\SYSTEM32\USERENV.dll
0x00007ffef18c0000 - 0x00007ffef18cc000 	C:\WINDOWS\SYSTEM32\CRYPTBASE.dll
0x00007ffef13b0000 - 0x00007ffef13eb000 	C:\WINDOWS\SYSTEM32\IPHLPAPI.DLL
0x00007ffef4920000 - 0x00007ffef4928000 	C:\WINDOWS\System32\NSI.dll
0x00007ffeebe30000 - 0x00007ffeebe47000 	C:\WINDOWS\SYSTEM32\dhcpcsvc6.DLL
0x00007ffeebda0000 - 0x00007ffeebdbd000 	C:\WINDOWS\SYSTEM32\dhcpcsvc.DLL
0x00007ffef13f0000 - 0x00007ffef14ba000 	C:\WINDOWS\SYSTEM32\DNSAPI.dll
0x00007ffee0350000 - 0x00007ffee0359000 	E:\AndroidStudio\jbr\bin\extnet.dll
0x00007ffee32a0000 - 0x00007ffee32a7000 	C:\WINDOWS\system32\wshunix.dll

dbghelp: loaded successfully - version: 4.0.5 - missing functions: none
symbol engine: initialized successfully - sym options: 0x614 - pdb path: .;E:\AndroidStudio\jbr\bin;C:\WINDOWS\SYSTEM32;C:\WINDOWS\WinSxS\amd64_microsoft.windows.common-controls_6595b64144ccf1df_6.0.19041.4355_none_60b8b9eb71f62e16;E:\AndroidStudio\jbr\bin\server;C:\Users\Administrator\.gradle\native\c067742578af261105cb4f569cf0c3c89f3d7b1fecec35dd04571415982c5e48\windows-amd64;C:\Users\Administrator\.gradle\native\38dada09dfb8b06ba9b0570ebf7e218e3eb74d4ef43ca46872605cf95ebc2f47\windows-amd64

VM Arguments:
jvm_args: --add-opens=java.base/java.util=ALL-UNNAMED --add-opens=java.base/java.lang=ALL-UNNAMED --add-opens=java.base/java.lang.invoke=ALL-UNNAMED --add-opens=java.prefs/java.util.prefs=ALL-UNNAMED --add-opens=java.base/java.nio.charset=ALL-UNNAMED --add-opens=java.base/java.net=ALL-UNNAMED --add-opens=java.base/java.util.concurrent.atomic=ALL-UNNAMED -Xmx2048m -Dfile.encoding=UTF-8 -Duser.country=CN -Duser.language=zh -Duser.variant -javaagent:C:\Users\Administrator\.gradle\wrapper\dists\gradle-8.7-bin\bhs2wmbdwecv87pi65oeuq5iu\gradle-8.7\lib\agents\gradle-instrumentation-agent-8.7.jar 
java_command: org.gradle.launcher.daemon.bootstrap.GradleDaemon 8.7
java_class_path (initial): C:\Users\Administrator\.gradle\wrapper\dists\gradle-8.7-bin\bhs2wmbdwecv87pi65oeuq5iu\gradle-8.7\lib\gradle-launcher-8.7.jar
Launcher Type: SUN_STANDARD

[Global flags]
     intx CICompilerCount                          = 3                                         {product} {ergonomic}
     uint ConcGCThreads                            = 1                                         {product} {ergonomic}
     uint G1ConcRefinementThreads                  = 4                                         {product} {ergonomic}
   size_t G1HeapRegionSize                         = 1048576                                   {product} {ergonomic}
    uintx GCDrainStackTargetSize                   = 64                                        {product} {ergonomic}
   size_t InitialHeapSize                          = 67108864                                  {product} {ergonomic}
   size_t MarkStackSize                            = 4194304                                   {product} {ergonomic}
   size_t MaxHeapSize                              = 2147483648                                {product} {command line}
   size_t MaxNewSize                               = 1287651328                                {product} {ergonomic}
   size_t MinHeapDeltaBytes                        = 1048576                                   {product} {ergonomic}
   size_t MinHeapSize                              = 8388608                                   {product} {ergonomic}
    uintx NonNMethodCodeHeapSize                   = 5832780                                {pd product} {ergonomic}
    uintx NonProfiledCodeHeapSize                  = 122912730                              {pd product} {ergonomic}
    uintx ProfiledCodeHeapSize                     = 122912730                              {pd product} {ergonomic}
    uintx ReservedCodeCacheSize                    = 251658240                              {pd product} {ergonomic}
     bool SegmentedCodeCache                       = true                                      {product} {ergonomic}
   size_t SoftMaxHeapSize                          = 2147483648                             {manageable} {ergonomic}
     bool UseCompressedClassPointers               = true                           {product lp64_product} {ergonomic}
     bool UseCompressedOops                        = true                           {product lp64_product} {ergonomic}
     bool UseG1GC                                  = true                                      {product} {ergonomic}
     bool UseLargePagesIndividualAllocation        = false                                  {pd product} {ergonomic}

Logging:
Log output configuration:
 #0: stdout all=warning uptime,level,tags
 #1: stderr all=off uptime,level,tags

Environment Variables:
JAVA_HOME=E:\develop\java\jdk-11
PATH=E:\develop\java\jdk-11\bin;C:\Program Files (x86)\Common Files\Intel\Shared Libraries\redist\intel64\compiler;C:\WINDOWS\system32;C:\WINDOWS;C:\WINDOWS\System32\Wbem;C:\WINDOWS\System32\WindowsPowerShell\v1.0\;C:\Program Files (x86)\ATI Technologies\ATI.ACE\Core-Static;C:\WINDOWS\System32\OpenSSH\;C:\Program Files\Common Files\Autodesk Shared\;E:\.espressif\tools\idf-python\3.11.2\Scripts\;E:\.espressif\tools\idf-python\3.11.2\;C:\Users\Administrator\AppData\Roaming\Python\Python311\site-packages\;C:\Users\Administrator\AppData\Roaming\Python\Python311\Scripts\;C:\Program Files\Git\cmd;E:\esp-idf\tools;E:\.espressif\tools\idf-python\3.11.2\Scripts\;E:\.espressif\tools\idf-python\3.11.2\;C:\Users\Administrator\AppData\Roaming\Python\Python311\Scripts\;C:\Users\Administrator\AppData\Roaming\Python\Python311\site-packages\;C:\Users\Administrator\AppData\Local\Programs\Python\Python37\Scripts\;C:\Users\Administrator\AppData\Local\Programs\Python\Python37\;C:\Users\Administrator\AppData\Local\Programs\Python\Python310\Scripts\;C:\Users\Administrator\AppData\Local\Programs\Python\Python310\;E:\Microsoft VS Code\bin
USERNAME=701Enti
OS=Windows_NT
PROCESSOR_IDENTIFIER=AMD64 Family 16 Model 5 Stepping 3, AuthenticAMD
TMP=C:\Users\ADMINI~1\AppData\Local\Temp
TEMP=C:\Users\ADMINI~1\AppData\Local\Temp



Periodic native trim disabled

JNI global refs:
JNI global refs: 26, weak refs: 2

JNI global refs memory usage: 843, weak refs: 841

Process memory usage:
Resident Set Size: 463768K (11% of 4192372K total physical memory with 325456K free physical memory)

OOME stack traces (most recent first):
Classloader memory used:
